#! /opt/homebrew/Cellar/icarus-verilog/12.0/bin/vvp
:ivl_version "12.0 (stable)";
:ivl_delay_selection "TYPICAL";
:vpi_time_precision - 12;
:vpi_module "/opt/homebrew/Cellar/icarus-verilog/12.0/lib/ivl/system.vpi";
:vpi_module "/opt/homebrew/Cellar/icarus-verilog/12.0/lib/ivl/vhdl_sys.vpi";
:vpi_module "/opt/homebrew/Cellar/icarus-verilog/12.0/lib/ivl/vhdl_textio.vpi";
:vpi_module "/opt/homebrew/Cellar/icarus-verilog/12.0/lib/ivl/v2005_math.vpi";
:vpi_module "/opt/homebrew/Cellar/icarus-verilog/12.0/lib/ivl/va_math.vpi";
S_0x1206110a0 .scope module, "tb" "tb" 2 16;
 .timescale -9 -12;
v0x120639f10_0 .net "Result", 15 0, v0x120639340_0;  1 drivers
v0x120639fc0_0 .var/i "dummyA", 31 0;
v0x12063a060_0 .var/i "dummyB", 31 0;
v0x12063a120_0 .var/i "fileA", 31 0;
v0x12063a1d0_0 .var/i "fileB", 31 0;
v0x12063a2c0_0 .var/i "fileOut", 31 0;
v0x12063a370_0 .var/i "fileResult", 31 0;
v0x12063a420_0 .var/i "i", 31 0;
v0x12063a4d0_0 .var "oprA", 15 0;
v0x12063a600_0 .var "oprB", 15 0;
S_0x120607480 .scope module, "fp_adder" "b16fpadd" 2 23, 3 14 0, S_0x1206110a0;
 .timescale 0 0;
    .port_info 0 /INPUT 16 "oprA";
    .port_info 1 /INPUT 16 "oprB";
    .port_info 2 /OUTPUT 16 "Result";
v0x120611290_0 .var "ExpA", 4 0;
v0x120638c60_0 .var "ExpB", 4 0;
v0x120638d10_0 .var "ExpDiff", 4 0;
v0x120638dd0_0 .var "ExpR", 4 0;
v0x120638e80_0 .var "FracA", 9 0;
v0x120638f70_0 .var "FracA_ext", 11 0;
v0x120639020_0 .var "FracB", 9 0;
v0x1206390d0_0 .var "FracB_ext", 11 0;
v0x120639180_0 .var "FracR", 9 0;
v0x120639290_0 .var "FracZ", 12 0;
v0x120639340_0 .var "Result", 15 0;
v0x1206393f0_0 .var "SA", 0 0;
v0x120639490_0 .var "SB", 0 0;
v0x120639530_0 .var "SR", 0 0;
v0x1206395d0_0 .net "oprA", 15 0, v0x12063a4d0_0;  1 drivers
v0x120639680_0 .net "oprB", 15 0, v0x12063a600_0;  1 drivers
v0x120639730_0 .var "shift_amt", 3 0;
E_0x12061c920/0 .event anyedge, v0x1206395d0_0, v0x120639680_0, v0x120611290_0, v0x120638e80_0;
E_0x12061c920/1 .event anyedge, v0x120638c60_0, v0x120639020_0, v0x1206390d0_0, v0x120638d10_0;
E_0x12061c920/2 .event anyedge, v0x120638f70_0, v0x1206393f0_0, v0x120639490_0, v0x120639290_0;
E_0x12061c920/3 .event anyedge, v0x120639730_0, v0x120638dd0_0, v0x120639530_0, v0x120639180_0;
E_0x12061c920 .event/or E_0x12061c920/0, E_0x12061c920/1, E_0x12061c920/2, E_0x12061c920/3;
S_0x1206398f0 .scope function.real, "ieee754_to_real" "ieee754_to_real" 2 25, 2 25 0, S_0x1206110a0;
 .timescale -9 -12;
v0x120639a60_0 .var "bin", 15 0;
v0x120639af0_0 .var "exp", 4 0;
v0x120639b80_0 .var "frac", 9 0;
v0x120639c40_0 .var/real "fraction", 0 0;
v0x120639ce0_0 .var/i "i", 31 0;
; Variable ieee754_to_real is REAL return value of scope S_0x1206398f0
v0x120639e70_0 .var "sign", 0 0;
TD_tb.ieee754_to_real ;
    %load/vec4 v0x120639a60_0;
    %parti/s 1, 15, 5;
    %store/vec4 v0x120639e70_0, 0, 1;
    %load/vec4 v0x120639a60_0;
    %parti/s 5, 10, 5;
    %store/vec4 v0x120639af0_0, 0, 5;
    %load/vec4 v0x120639a60_0;
    %parti/s 10, 0, 2;
    %store/vec4 v0x120639b80_0, 0, 10;
    %pushi/real 1073741824, 4066; load=1.00000
    %store/real v0x120639c40_0;
    %pushi/vec4 0, 0, 32;
    %store/vec4 v0x120639ce0_0, 0, 32;
T_0.0 ;
    %load/vec4 v0x120639ce0_0;
    %cmpi/s 10, 0, 32;
    %jmp/0xz T_0.1, 5;
    %load/vec4 v0x120639b80_0;
    %load/vec4 v0x120639ce0_0;
    %part/s 1;
    %flag_set/vec4 8;
    %jmp/0xz  T_0.2, 8;
    %load/real v0x120639c40_0;
    %pushi/real 1073741824, 4066; load=1.00000
    %pushi/vec4 1, 0, 32;
    %pushi/vec4 10, 0, 32;
    %load/vec4 v0x120639ce0_0;
    %sub;
    %ix/vec4 4;
    %shiftl 4;
    %cvt/rv/s;
    %div/wr;
    %add/wr;
    %store/real v0x120639c40_0;
T_0.2 ;
    %load/vec4 v0x120639ce0_0;
    %addi 1, 0, 32;
    %store/vec4 v0x120639ce0_0, 0, 32;
    %jmp T_0.0;
T_0.1 ;
    %load/real v0x120639c40_0;
    %pushi/real 1073741824, 4067; load=2.00000
    %load/vec4 v0x120639af0_0;
    %pad/u 32;
    %subi 15, 0, 32;
    %cvt/rv;
    %pow/wr;
    %mul/wr;
    %ret/real 0; Assign to ieee754_to_real
    %load/vec4 v0x120639e70_0;
    %flag_set/vec4 8;
    %jmp/0xz  T_0.4, 8;
    %pushi/real 0, 0; load 0.0
    %retload/real 0; Load ieee754_to_real (draw_signal_real_real)
    %sub/wr;
    %ret/real 0; Assign to ieee754_to_real
T_0.4 ;
    %end;
    .scope S_0x120607480;
T_1 ;
    %wait E_0x12061c920;
    %load/vec4 v0x1206395d0_0;
    %parti/s 1, 15, 5;
    %store/vec4 v0x1206393f0_0, 0, 1;
    %load/vec4 v0x120639680_0;
    %parti/s 1, 15, 5;
    %store/vec4 v0x120639490_0, 0, 1;
    %load/vec4 v0x1206395d0_0;
    %parti/s 5, 10, 5;
    %store/vec4 v0x120611290_0, 0, 5;
    %load/vec4 v0x120639680_0;
    %parti/s 5, 10, 5;
    %store/vec4 v0x120638c60_0, 0, 5;
    %load/vec4 v0x1206395d0_0;
    %parti/s 10, 0, 2;
    %store/vec4 v0x120638e80_0, 0, 10;
    %load/vec4 v0x120639680_0;
    %parti/s 10, 0, 2;
    %store/vec4 v0x120639020_0, 0, 10;
    %load/vec4 v0x120611290_0;
    %pad/u 32;
    %cmpi/e 0, 0, 32;
    %flag_mov 8, 4;
    %jmp/0 T_1.0, 8;
    %pushi/vec4 0, 0, 1;
    %load/vec4 v0x120638e80_0;
    %concat/vec4; draw_concat_vec4
    %concati/vec4 0, 0, 1;
    %jmp/1 T_1.1, 8;
T_1.0 ; End of true expr.
    %pushi/vec4 1, 0, 1;
    %load/vec4 v0x120638e80_0;
    %concat/vec4; draw_concat_vec4
    %concati/vec4 0, 0, 1;
    %jmp/0 T_1.1, 8;
 ; End of false expr.
    %blend;
T_1.1;
    %store/vec4 v0x120638f70_0, 0, 12;
    %load/vec4 v0x120638c60_0;
    %pad/u 32;
    %cmpi/e 0, 0, 32;
    %flag_mov 8, 4;
    %jmp/0 T_1.2, 8;
    %pushi/vec4 0, 0, 1;
    %load/vec4 v0x120639020_0;
    %concat/vec4; draw_concat_vec4
    %concati/vec4 0, 0, 1;
    %jmp/1 T_1.3, 8;
T_1.2 ; End of true expr.
    %pushi/vec4 1, 0, 1;
    %load/vec4 v0x120639020_0;
    %concat/vec4; draw_concat_vec4
    %concati/vec4 0, 0, 1;
    %jmp/0 T_1.3, 8;
 ; End of false expr.
    %blend;
T_1.3;
    %store/vec4 v0x1206390d0_0, 0, 12;
    %load/vec4 v0x120638c60_0;
    %load/vec4 v0x120611290_0;
    %cmp/u;
    %jmp/0xz  T_1.4, 5;
    %load/vec4 v0x120611290_0;
    %load/vec4 v0x120638c60_0;
    %sub;
    %store/vec4 v0x120638d10_0, 0, 5;
    %load/vec4 v0x1206390d0_0;
    %ix/getv 4, v0x120638d10_0;
    %shiftr 4;
    %store/vec4 v0x1206390d0_0, 0, 12;
    %load/vec4 v0x120611290_0;
    %store/vec4 v0x120638dd0_0, 0, 5;
    %jmp T_1.5;
T_1.4 ;
    %load/vec4 v0x120638c60_0;
    %load/vec4 v0x120611290_0;
    %sub;
    %store/vec4 v0x120638d10_0, 0, 5;
    %load/vec4 v0x120638f70_0;
    %ix/getv 4, v0x120638d10_0;
    %shiftr 4;
    %store/vec4 v0x120638f70_0, 0, 12;
    %load/vec4 v0x120638c60_0;
    %store/vec4 v0x120638dd0_0, 0, 5;
T_1.5 ;
    %load/vec4 v0x1206393f0_0;
    %load/vec4 v0x120639490_0;
    %cmp/e;
    %jmp/0xz  T_1.6, 4;
    %load/vec4 v0x120638f70_0;
    %pad/u 13;
    %load/vec4 v0x1206390d0_0;
    %pad/u 13;
    %add;
    %store/vec4 v0x120639290_0, 0, 13;
    %load/vec4 v0x1206393f0_0;
    %store/vec4 v0x120639530_0, 0, 1;
    %jmp T_1.7;
T_1.6 ;
    %load/vec4 v0x1206390d0_0;
    %load/vec4 v0x120638f70_0;
    %cmp/u;
    %flag_or 5, 4;
    %jmp/0xz  T_1.8, 5;
    %load/vec4 v0x120638f70_0;
    %pad/u 13;
    %load/vec4 v0x1206390d0_0;
    %pad/u 13;
    %sub;
    %store/vec4 v0x120639290_0, 0, 13;
    %load/vec4 v0x1206393f0_0;
    %store/vec4 v0x120639530_0, 0, 1;
    %jmp T_1.9;
T_1.8 ;
    %load/vec4 v0x1206390d0_0;
    %pad/u 13;
    %load/vec4 v0x120638f70_0;
    %pad/u 13;
    %sub;
    %store/vec4 v0x120639290_0, 0, 13;
    %load/vec4 v0x120639490_0;
    %store/vec4 v0x120639530_0, 0, 1;
T_1.9 ;
T_1.7 ;
    %load/vec4 v0x120639290_0;
    %pad/u 32;
    %cmpi/e 0, 0, 32;
    %jmp/0xz  T_1.10, 4;
    %pushi/vec4 0, 0, 5;
    %store/vec4 v0x120638dd0_0, 0, 5;
    %pushi/vec4 0, 0, 10;
    %store/vec4 v0x120639180_0, 0, 10;
    %pushi/vec4 0, 0, 1;
    %store/vec4 v0x120639530_0, 0, 1;
    %jmp T_1.11;
T_1.10 ;
    %load/vec4 v0x120639290_0;
    %dup/vec4;
    %pushi/vec4 8191, 4095, 13;
    %cmp/x;
    %jmp/1 T_1.12, 4;
    %dup/vec4;
    %pushi/vec4 4095, 2047, 13;
    %cmp/x;
    %jmp/1 T_1.13, 4;
    %dup/vec4;
    %pushi/vec4 2047, 1023, 13;
    %cmp/x;
    %jmp/1 T_1.14, 4;
    %dup/vec4;
    %pushi/vec4 1023, 511, 13;
    %cmp/x;
    %jmp/1 T_1.15, 4;
    %dup/vec4;
    %pushi/vec4 511, 255, 13;
    %cmp/x;
    %jmp/1 T_1.16, 4;
    %dup/vec4;
    %pushi/vec4 255, 127, 13;
    %cmp/x;
    %jmp/1 T_1.17, 4;
    %dup/vec4;
    %pushi/vec4 127, 63, 13;
    %cmp/x;
    %jmp/1 T_1.18, 4;
    %dup/vec4;
    %pushi/vec4 63, 31, 13;
    %cmp/x;
    %jmp/1 T_1.19, 4;
    %dup/vec4;
    %pushi/vec4 31, 15, 13;
    %cmp/x;
    %jmp/1 T_1.20, 4;
    %dup/vec4;
    %pushi/vec4 15, 7, 13;
    %cmp/x;
    %jmp/1 T_1.21, 4;
    %dup/vec4;
    %pushi/vec4 7, 3, 13;
    %cmp/x;
    %jmp/1 T_1.22, 4;
    %dup/vec4;
    %pushi/vec4 3, 1, 13;
    %cmp/x;
    %jmp/1 T_1.23, 4;
    %dup/vec4;
    %pushi/vec4 1, 0, 13;
    %cmp/x;
    %jmp/1 T_1.24, 4;
    %pushi/vec4 13, 0, 4;
    %store/vec4 v0x120639730_0, 0, 4;
    %jmp T_1.26;
T_1.12 ;
    %pushi/vec4 0, 0, 4;
    %store/vec4 v0x120639730_0, 0, 4;
    %jmp T_1.26;
T_1.13 ;
    %pushi/vec4 1, 0, 4;
    %store/vec4 v0x120639730_0, 0, 4;
    %jmp T_1.26;
T_1.14 ;
    %pushi/vec4 2, 0, 4;
    %store/vec4 v0x120639730_0, 0, 4;
    %jmp T_1.26;
T_1.15 ;
    %pushi/vec4 3, 0, 4;
    %store/vec4 v0x120639730_0, 0, 4;
    %jmp T_1.26;
T_1.16 ;
    %pushi/vec4 4, 0, 4;
    %store/vec4 v0x120639730_0, 0, 4;
    %jmp T_1.26;
T_1.17 ;
    %pushi/vec4 5, 0, 4;
    %store/vec4 v0x120639730_0, 0, 4;
    %jmp T_1.26;
T_1.18 ;
    %pushi/vec4 6, 0, 4;
    %store/vec4 v0x120639730_0, 0, 4;
    %jmp T_1.26;
T_1.19 ;
    %pushi/vec4 7, 0, 4;
    %store/vec4 v0x120639730_0, 0, 4;
    %jmp T_1.26;
T_1.20 ;
    %pushi/vec4 8, 0, 4;
    %store/vec4 v0x120639730_0, 0, 4;
    %jmp T_1.26;
T_1.21 ;
    %pushi/vec4 9, 0, 4;
    %store/vec4 v0x120639730_0, 0, 4;
    %jmp T_1.26;
T_1.22 ;
    %pushi/vec4 10, 0, 4;
    %store/vec4 v0x120639730_0, 0, 4;
    %jmp T_1.26;
T_1.23 ;
    %pushi/vec4 11, 0, 4;
    %store/vec4 v0x120639730_0, 0, 4;
    %jmp T_1.26;
T_1.24 ;
    %pushi/vec4 12, 0, 4;
    %store/vec4 v0x120639730_0, 0, 4;
    %jmp T_1.26;
T_1.26 ;
    %pop/vec4 1;
    %load/vec4 v0x120639290_0;
    %ix/getv 4, v0x120639730_0;
    %shiftl 4;
    %store/vec4 v0x120639290_0, 0, 13;
    %load/vec4 v0x120638dd0_0;
    %load/vec4 v0x120639730_0;
    %pad/u 5;
    %sub;
    %addi 1, 0, 5;
    %store/vec4 v0x120638dd0_0, 0, 5;
    %load/vec4 v0x120639290_0;
    %parti/s 10, 2, 3;
    %store/vec4 v0x120639180_0, 0, 10;
T_1.11 ;
    %load/vec4 v0x120639530_0;
    %load/vec4 v0x120638dd0_0;
    %concat/vec4; draw_concat_vec4
    %load/vec4 v0x120639180_0;
    %concat/vec4; draw_concat_vec4
    %store/vec4 v0x120639340_0, 0, 16;
    %jmp T_1;
    .thread T_1, $push;
    .scope S_0x1206110a0;
T_2 ;
    %vpi_func 2 56 "$fopen" 32, "inputs/oprA_add", "r" {0 0 0};
    %store/vec4 v0x12063a120_0, 0, 32;
    %vpi_func 2 57 "$fopen" 32, "inputs/oprB_add", "r" {0 0 0};
    %store/vec4 v0x12063a1d0_0, 0, 32;
    %vpi_func 2 60 "$fopen" 32, "outputs/fpadd.out", "w" {0 0 0};
    %store/vec4 v0x12063a2c0_0, 0, 32;
    %vpi_func 2 61 "$fopen" 32, "outputs/result_add.out", "w" {0 0 0};
    %store/vec4 v0x12063a370_0, 0, 32;
    %pushi/vec4 1, 0, 32;
    %store/vec4 v0x12063a420_0, 0, 32;
T_2.0 ;
    %vpi_func 2 65 "$feof" 32, v0x12063a120_0 {0 0 0};
    %nor/r;
    %flag_set/vec4 9;
    %flag_get/vec4 9;
    %jmp/0 T_2.2, 9;
    %vpi_func 2 65 "$feof" 32, v0x12063a1d0_0 {0 0 0};
    %nor/r;
    %and;
T_2.2;
    %flag_set/vec4 8;
    %jmp/0xz T_2.1, 8;
    %vpi_func 2 68 "$fscanf" 32, v0x12063a120_0, "%h", v0x12063a4d0_0 {0 0 0};
    %store/vec4 v0x120639fc0_0, 0, 32;
    %vpi_func 2 69 "$fscanf" 32, v0x12063a1d0_0, "%h", v0x12063a600_0 {0 0 0};
    %store/vec4 v0x12063a060_0, 0, 32;
    %delay 10000, 0;
    %vpi_call 2 75 "$fdisplay", v0x12063a2c0_0, "----- Test Case %0d -----", v0x12063a420_0 {0 0 0};
    %vpi_call 2 76 "$fdisplay", v0x12063a2c0_0, "oprA: %b %b %b", &PV<v0x12063a4d0_0, 15, 1>, &PV<v0x12063a4d0_0, 10, 5>, &PV<v0x12063a4d0_0, 0, 10> {0 0 0};
    %vpi_call 2 77 "$fdisplay", v0x12063a2c0_0, "oprB: %b %b %b", &PV<v0x12063a600_0, 15, 1>, &PV<v0x12063a600_0, 10, 5>, &PV<v0x12063a600_0, 0, 10> {0 0 0};
    %vpi_call 2 78 "$fdisplay", v0x12063a2c0_0, "Result: %b %b %b", &PV<v0x120639f10_0, 15, 1>, &PV<v0x120639f10_0, 10, 5>, &PV<v0x120639f10_0, 0, 10> {0 0 0};
    %vpi_call 2 79 "$fdisplay", v0x12063a2c0_0, "FracA = %b", v0x120638e80_0 {0 0 0};
    %vpi_call 2 80 "$fdisplay", v0x12063a2c0_0, "FracB = %b", v0x120639020_0 {0 0 0};
    %vpi_call 2 81 "$fdisplay", v0x12063a2c0_0, "FracA_ext = %b", v0x120638f70_0 {0 0 0};
    %vpi_call 2 82 "$fdisplay", v0x12063a2c0_0, "FracB_ext = %b", v0x1206390d0_0 {0 0 0};
    %vpi_call 2 83 "$fdisplay", v0x12063a2c0_0, "FracZ = %b", v0x120639290_0 {0 0 0};
    %vpi_call 2 84 "$fdisplay", v0x12063a2c0_0, "FracR = %b", v0x120639180_0 {0 0 0};
    %vpi_call 2 85 "$fdisplay", v0x12063a2c0_0, "ExpA = %b", v0x120611290_0 {0 0 0};
    %vpi_call 2 86 "$fdisplay", v0x12063a2c0_0, "ExpB = %b", v0x120638c60_0 {0 0 0};
    %vpi_call 2 87 "$fdisplay", v0x12063a2c0_0, "ExpDiff = %b", v0x120638d10_0 {0 0 0};
    %vpi_call 2 88 "$fdisplay", v0x12063a2c0_0, "ExpR = %b", v0x120638dd0_0 {0 0 0};
    %vpi_call 2 89 "$fdisplay", v0x12063a370_0, "%h", v0x120639f10_0 {0 0 0};
    %load/vec4 v0x12063a420_0;
    %addi 1, 0, 32;
    %store/vec4 v0x12063a420_0, 0, 32;
    %jmp T_2.0;
T_2.1 ;
    %vpi_call 2 99 "$fclose", v0x12063a120_0 {0 0 0};
    %vpi_call 2 100 "$fclose", v0x12063a1d0_0 {0 0 0};
    %vpi_call 2 101 "$fclose", v0x12063a2c0_0 {0 0 0};
    %vpi_call 2 104 "$finish" {0 0 0};
    %end;
    .thread T_2;
# The file index is used to find the file name in the following table.
:file_names 4;
    "N/A";
    "<interactive>";
    "tb/tb_b16fpadd.v";
    "src/b16fpadd.v";
