#! /opt/homebrew/Cellar/icarus-verilog/12.0/bin/vvp
:ivl_version "12.0 (stable)";
:ivl_delay_selection "TYPICAL";
:vpi_time_precision - 12;
:vpi_module "/opt/homebrew/Cellar/icarus-verilog/12.0/lib/ivl/system.vpi";
:vpi_module "/opt/homebrew/Cellar/icarus-verilog/12.0/lib/ivl/vhdl_sys.vpi";
:vpi_module "/opt/homebrew/Cellar/icarus-verilog/12.0/lib/ivl/vhdl_textio.vpi";
:vpi_module "/opt/homebrew/Cellar/icarus-verilog/12.0/lib/ivl/v2005_math.vpi";
:vpi_module "/opt/homebrew/Cellar/icarus-verilog/12.0/lib/ivl/va_math.vpi";
S_0x13061d210 .scope module, "b16fpadd" "b16fpadd" 2 14;
 .timescale 0 0;
    .port_info 0 /INPUT 16 "oprA";
    .port_info 1 /INPUT 16 "oprB";
    .port_info 2 /OUTPUT 16 "Result";
v0x130627020_0 .var "ExpA", 4 0;
v0x130649ff0_0 .var "ExpB", 4 0;
v0x13064a090_0 .var "ExpDiff", 4 0;
v0x13064a140_0 .var "ExpR", 4 0;
v0x13064a1f0_0 .var "FracA", 9 0;
v0x13064a2e0_0 .var "FracA_ext", 11 0;
v0x13064a390_0 .var "FracB", 9 0;
v0x13064a440_0 .var "FracB_ext", 11 0;
v0x13064a4f0_0 .var "FracR", 9 0;
v0x13064a600_0 .var "FracZ", 12 0;
v0x13064a6b0_0 .var "Result", 15 0;
v0x13064a760_0 .var "SA", 0 0;
v0x13064a800_0 .var "SB", 0 0;
v0x13064a8a0_0 .var "SR", 0 0;
o0x1380402b0 .functor BUFZ 16, C4<zzzzzzzzzzzzzzzz>; HiZ drive
v0x13064a940_0 .net "oprA", 15 0, o0x1380402b0;  0 drivers
o0x1380402e0 .functor BUFZ 16, C4<zzzzzzzzzzzzzzzz>; HiZ drive
v0x13064a9f0_0 .net "oprB", 15 0, o0x1380402e0;  0 drivers
v0x13064aaa0_0 .var "shift_amt", 3 0;
E_0x13063bfc0/0 .event anyedge, v0x13064a940_0, v0x13064a9f0_0, v0x130627020_0, v0x13064a1f0_0;
E_0x13063bfc0/1 .event anyedge, v0x130649ff0_0, v0x13064a390_0, v0x13064a440_0, v0x13064a090_0;
E_0x13063bfc0/2 .event anyedge, v0x13064a2e0_0, v0x13064a760_0, v0x13064a800_0, v0x13064a600_0;
E_0x13063bfc0/3 .event anyedge, v0x13064aaa0_0, v0x13064a140_0, v0x13064a8a0_0, v0x13064a4f0_0;
E_0x13063bfc0 .event/or E_0x13063bfc0/0, E_0x13063bfc0/1, E_0x13063bfc0/2, E_0x13063bfc0/3;
S_0x13061d380 .scope module, "tb" "tb" 3 16;
 .timescale -9 -12;
v0x13064c960_0 .net "Result", 15 0, v0x13064ba40_0;  1 drivers
v0x13064ca10_0 .var "clk", 0 0;
v0x13064cac0_0 .var/i "dummyA", 31 0;
v0x13064cb70_0 .var/i "dummyB", 31 0;
v0x13064cc10_0 .var/i "fileA", 31 0;
v0x13064cd00_0 .var/i "fileB", 31 0;
v0x13064cdb0_0 .var/i "fileOut", 31 0;
v0x13064ce60_0 .var/i "fileResult", 31 0;
v0x13064cf10_0 .var/i "i", 31 0;
v0x13064d020_0 .var "oprA", 15 0;
v0x13064d0e0_0 .var "oprB", 15 0;
v0x13064d170_0 .var "pipe_en", 0 0;
v0x13064d200_0 .var "rst", 0 0;
v0x13064d2b0_0 .var "valid", 0 0;
S_0x13064ac60 .scope module, "fp_adder" "b16fpadd_pipe" 3 25, 4 11 0, S_0x13061d380;
 .timescale 0 0;
    .port_info 0 /INPUT 16 "oprA";
    .port_info 1 /INPUT 16 "oprB";
    .port_info 2 /INPUT 1 "clk";
    .port_info 3 /INPUT 1 "reset";
    .port_info 4 /INPUT 1 "pipe_en";
    .port_info 5 /OUTPUT 16 "Result";
v0x13064aff0_0 .var "ExpA", 4 0;
v0x13064b0a0_0 .var "ExpB", 4 0;
v0x13064b150_0 .var "ExpDiff", 4 0;
v0x13064b210_0 .var "ExpR", 4 0;
v0x13064b2c0_0 .var "ExpR_norm", 4 0;
v0x13064b3b0_0 .var "ExpR_reg", 4 0;
v0x13064b460_0 .var "FracA", 9 0;
v0x13064b510_0 .var "FracA_ext", 11 0;
v0x13064b5c0_0 .var "FracB", 9 0;
v0x13064b6d0_0 .var "FracB_ext", 11 0;
v0x13064b780_0 .var "FracR_norm", 9 0;
v0x13064b830_0 .var "FracZ", 12 0;
v0x13064b8e0_0 .var "FracZ_norm", 12 0;
v0x13064b990_0 .var "FracZ_reg", 12 0;
v0x13064ba40_0 .var "Result", 15 0;
v0x13064baf0_0 .var "SA", 0 0;
v0x13064bb90_0 .var "SB", 0 0;
v0x13064bd20_0 .var "SR", 0 0;
v0x13064bdb0_0 .var "SR_norm", 0 0;
v0x13064be40_0 .var "SR_reg", 0 0;
v0x13064bed0_0 .net "clk", 0 0, v0x13064ca10_0;  1 drivers
v0x13064bf70_0 .net "oprA", 15 0, v0x13064d020_0;  1 drivers
v0x13064c020_0 .net "oprB", 15 0, v0x13064d0e0_0;  1 drivers
v0x13064c0d0_0 .net "pipe_en", 0 0, v0x13064d170_0;  1 drivers
v0x13064c170_0 .net "reset", 0 0, v0x13064d200_0;  1 drivers
v0x13064c210_0 .var "shift_amt", 3 0;
E_0x13064ae90/0 .event anyedge, v0x13064b990_0, v0x13064c210_0, v0x13064b3b0_0, v0x13064b8e0_0;
E_0x13064ae90/1 .event anyedge, v0x13064be40_0, v0x13064bdb0_0, v0x13064b2c0_0, v0x13064b780_0;
E_0x13064ae90 .event/or E_0x13064ae90/0, E_0x13064ae90/1;
E_0x13064af10 .event posedge, v0x13064bed0_0;
E_0x13064af50/0 .event anyedge, v0x13064bf70_0, v0x13064c020_0, v0x13064aff0_0, v0x13064b460_0;
E_0x13064af50/1 .event anyedge, v0x13064b0a0_0, v0x13064b5c0_0, v0x13064b6d0_0, v0x13064b150_0;
E_0x13064af50/2 .event anyedge, v0x13064b510_0, v0x13064baf0_0, v0x13064bb90_0;
E_0x13064af50 .event/or E_0x13064af50/0, E_0x13064af50/1, E_0x13064af50/2;
S_0x13064c350 .scope function.real, "ieee754_to_real" "ieee754_to_real" 3 27, 3 27 0, S_0x13061d380;
 .timescale -9 -12;
v0x13064c4c0_0 .var "bin", 15 0;
v0x13064c550_0 .var "exp", 4 0;
v0x13064c5e0_0 .var "frac", 9 0;
v0x13064c690_0 .var/real "fraction", 0 0;
v0x13064c730_0 .var/i "i", 31 0;
; Variable ieee754_to_real is REAL return value of scope S_0x13064c350
v0x13064c8c0_0 .var "sign", 0 0;
TD_tb.ieee754_to_real ;
    %load/vec4 v0x13064c4c0_0;
    %parti/s 1, 15, 5;
    %store/vec4 v0x13064c8c0_0, 0, 1;
    %load/vec4 v0x13064c4c0_0;
    %parti/s 5, 10, 5;
    %store/vec4 v0x13064c550_0, 0, 5;
    %load/vec4 v0x13064c4c0_0;
    %parti/s 10, 0, 2;
    %store/vec4 v0x13064c5e0_0, 0, 10;
    %pushi/real 1073741824, 4066; load=1.00000
    %store/real v0x13064c690_0;
    %pushi/vec4 0, 0, 32;
    %store/vec4 v0x13064c730_0, 0, 32;
T_0.0 ;
    %load/vec4 v0x13064c730_0;
    %cmpi/s 10, 0, 32;
    %jmp/0xz T_0.1, 5;
    %load/vec4 v0x13064c5e0_0;
    %load/vec4 v0x13064c730_0;
    %part/s 1;
    %flag_set/vec4 8;
    %jmp/0xz  T_0.2, 8;
    %load/real v0x13064c690_0;
    %pushi/real 1073741824, 4066; load=1.00000
    %pushi/vec4 1, 0, 32;
    %pushi/vec4 10, 0, 32;
    %load/vec4 v0x13064c730_0;
    %sub;
    %ix/vec4 4;
    %shiftl 4;
    %cvt/rv/s;
    %div/wr;
    %add/wr;
    %store/real v0x13064c690_0;
T_0.2 ;
    %load/vec4 v0x13064c730_0;
    %addi 1, 0, 32;
    %store/vec4 v0x13064c730_0, 0, 32;
    %jmp T_0.0;
T_0.1 ;
    %load/real v0x13064c690_0;
    %pushi/real 1073741824, 4067; load=2.00000
    %load/vec4 v0x13064c550_0;
    %pad/u 32;
    %subi 15, 0, 32;
    %cvt/rv;
    %pow/wr;
    %mul/wr;
    %ret/real 0; Assign to ieee754_to_real
    %load/vec4 v0x13064c8c0_0;
    %flag_set/vec4 8;
    %jmp/0xz  T_0.4, 8;
    %pushi/real 0, 0; load 0.0
    %retload/real 0; Load ieee754_to_real (draw_signal_real_real)
    %sub/wr;
    %ret/real 0; Assign to ieee754_to_real
T_0.4 ;
    %end;
    .scope S_0x13061d210;
T_1 ;
    %wait E_0x13063bfc0;
    %load/vec4 v0x13064a940_0;
    %parti/s 1, 15, 5;
    %store/vec4 v0x13064a760_0, 0, 1;
    %load/vec4 v0x13064a9f0_0;
    %parti/s 1, 15, 5;
    %store/vec4 v0x13064a800_0, 0, 1;
    %load/vec4 v0x13064a940_0;
    %parti/s 5, 10, 5;
    %store/vec4 v0x130627020_0, 0, 5;
    %load/vec4 v0x13064a9f0_0;
    %parti/s 5, 10, 5;
    %store/vec4 v0x130649ff0_0, 0, 5;
    %load/vec4 v0x13064a940_0;
    %parti/s 10, 0, 2;
    %store/vec4 v0x13064a1f0_0, 0, 10;
    %load/vec4 v0x13064a9f0_0;
    %parti/s 10, 0, 2;
    %store/vec4 v0x13064a390_0, 0, 10;
    %load/vec4 v0x130627020_0;
    %pad/u 32;
    %cmpi/e 0, 0, 32;
    %flag_mov 8, 4;
    %jmp/0 T_1.0, 8;
    %pushi/vec4 0, 0, 1;
    %load/vec4 v0x13064a1f0_0;
    %concat/vec4; draw_concat_vec4
    %concati/vec4 0, 0, 1;
    %jmp/1 T_1.1, 8;
T_1.0 ; End of true expr.
    %pushi/vec4 1, 0, 1;
    %load/vec4 v0x13064a1f0_0;
    %concat/vec4; draw_concat_vec4
    %concati/vec4 0, 0, 1;
    %jmp/0 T_1.1, 8;
 ; End of false expr.
    %blend;
T_1.1;
    %store/vec4 v0x13064a2e0_0, 0, 12;
    %load/vec4 v0x130649ff0_0;
    %pad/u 32;
    %cmpi/e 0, 0, 32;
    %flag_mov 8, 4;
    %jmp/0 T_1.2, 8;
    %pushi/vec4 0, 0, 1;
    %load/vec4 v0x13064a390_0;
    %concat/vec4; draw_concat_vec4
    %concati/vec4 0, 0, 1;
    %jmp/1 T_1.3, 8;
T_1.2 ; End of true expr.
    %pushi/vec4 1, 0, 1;
    %load/vec4 v0x13064a390_0;
    %concat/vec4; draw_concat_vec4
    %concati/vec4 0, 0, 1;
    %jmp/0 T_1.3, 8;
 ; End of false expr.
    %blend;
T_1.3;
    %store/vec4 v0x13064a440_0, 0, 12;
    %load/vec4 v0x130649ff0_0;
    %load/vec4 v0x130627020_0;
    %cmp/u;
    %jmp/0xz  T_1.4, 5;
    %load/vec4 v0x130627020_0;
    %load/vec4 v0x130649ff0_0;
    %sub;
    %store/vec4 v0x13064a090_0, 0, 5;
    %load/vec4 v0x13064a440_0;
    %ix/getv 4, v0x13064a090_0;
    %shiftr 4;
    %store/vec4 v0x13064a440_0, 0, 12;
    %load/vec4 v0x130627020_0;
    %store/vec4 v0x13064a140_0, 0, 5;
    %jmp T_1.5;
T_1.4 ;
    %load/vec4 v0x130649ff0_0;
    %load/vec4 v0x130627020_0;
    %sub;
    %store/vec4 v0x13064a090_0, 0, 5;
    %load/vec4 v0x13064a2e0_0;
    %ix/getv 4, v0x13064a090_0;
    %shiftr 4;
    %store/vec4 v0x13064a2e0_0, 0, 12;
    %load/vec4 v0x130649ff0_0;
    %store/vec4 v0x13064a140_0, 0, 5;
T_1.5 ;
    %load/vec4 v0x13064a760_0;
    %load/vec4 v0x13064a800_0;
    %cmp/e;
    %jmp/0xz  T_1.6, 4;
    %load/vec4 v0x13064a2e0_0;
    %pad/u 13;
    %load/vec4 v0x13064a440_0;
    %pad/u 13;
    %add;
    %store/vec4 v0x13064a600_0, 0, 13;
    %load/vec4 v0x13064a760_0;
    %store/vec4 v0x13064a8a0_0, 0, 1;
    %jmp T_1.7;
T_1.6 ;
    %load/vec4 v0x13064a440_0;
    %load/vec4 v0x13064a2e0_0;
    %cmp/u;
    %flag_or 5, 4;
    %jmp/0xz  T_1.8, 5;
    %load/vec4 v0x13064a2e0_0;
    %pad/u 13;
    %load/vec4 v0x13064a440_0;
    %pad/u 13;
    %sub;
    %store/vec4 v0x13064a600_0, 0, 13;
    %load/vec4 v0x13064a760_0;
    %store/vec4 v0x13064a8a0_0, 0, 1;
    %jmp T_1.9;
T_1.8 ;
    %load/vec4 v0x13064a440_0;
    %pad/u 13;
    %load/vec4 v0x13064a2e0_0;
    %pad/u 13;
    %sub;
    %store/vec4 v0x13064a600_0, 0, 13;
    %load/vec4 v0x13064a800_0;
    %store/vec4 v0x13064a8a0_0, 0, 1;
T_1.9 ;
T_1.7 ;
    %load/vec4 v0x13064a600_0;
    %pad/u 32;
    %cmpi/e 0, 0, 32;
    %jmp/0xz  T_1.10, 4;
    %pushi/vec4 0, 0, 5;
    %store/vec4 v0x13064a140_0, 0, 5;
    %pushi/vec4 0, 0, 10;
    %store/vec4 v0x13064a4f0_0, 0, 10;
    %pushi/vec4 0, 0, 1;
    %store/vec4 v0x13064a8a0_0, 0, 1;
    %jmp T_1.11;
T_1.10 ;
    %load/vec4 v0x13064a600_0;
    %dup/vec4;
    %pushi/vec4 8191, 4095, 13;
    %cmp/x;
    %jmp/1 T_1.12, 4;
    %dup/vec4;
    %pushi/vec4 4095, 2047, 13;
    %cmp/x;
    %jmp/1 T_1.13, 4;
    %dup/vec4;
    %pushi/vec4 2047, 1023, 13;
    %cmp/x;
    %jmp/1 T_1.14, 4;
    %dup/vec4;
    %pushi/vec4 1023, 511, 13;
    %cmp/x;
    %jmp/1 T_1.15, 4;
    %dup/vec4;
    %pushi/vec4 511, 255, 13;
    %cmp/x;
    %jmp/1 T_1.16, 4;
    %dup/vec4;
    %pushi/vec4 255, 127, 13;
    %cmp/x;
    %jmp/1 T_1.17, 4;
    %dup/vec4;
    %pushi/vec4 127, 63, 13;
    %cmp/x;
    %jmp/1 T_1.18, 4;
    %dup/vec4;
    %pushi/vec4 63, 31, 13;
    %cmp/x;
    %jmp/1 T_1.19, 4;
    %dup/vec4;
    %pushi/vec4 31, 15, 13;
    %cmp/x;
    %jmp/1 T_1.20, 4;
    %dup/vec4;
    %pushi/vec4 15, 7, 13;
    %cmp/x;
    %jmp/1 T_1.21, 4;
    %dup/vec4;
    %pushi/vec4 7, 3, 13;
    %cmp/x;
    %jmp/1 T_1.22, 4;
    %dup/vec4;
    %pushi/vec4 3, 1, 13;
    %cmp/x;
    %jmp/1 T_1.23, 4;
    %dup/vec4;
    %pushi/vec4 1, 0, 13;
    %cmp/x;
    %jmp/1 T_1.24, 4;
    %pushi/vec4 13, 0, 4;
    %store/vec4 v0x13064aaa0_0, 0, 4;
    %jmp T_1.26;
T_1.12 ;
    %pushi/vec4 0, 0, 4;
    %store/vec4 v0x13064aaa0_0, 0, 4;
    %jmp T_1.26;
T_1.13 ;
    %pushi/vec4 1, 0, 4;
    %store/vec4 v0x13064aaa0_0, 0, 4;
    %jmp T_1.26;
T_1.14 ;
    %pushi/vec4 2, 0, 4;
    %store/vec4 v0x13064aaa0_0, 0, 4;
    %jmp T_1.26;
T_1.15 ;
    %pushi/vec4 3, 0, 4;
    %store/vec4 v0x13064aaa0_0, 0, 4;
    %jmp T_1.26;
T_1.16 ;
    %pushi/vec4 4, 0, 4;
    %store/vec4 v0x13064aaa0_0, 0, 4;
    %jmp T_1.26;
T_1.17 ;
    %pushi/vec4 5, 0, 4;
    %store/vec4 v0x13064aaa0_0, 0, 4;
    %jmp T_1.26;
T_1.18 ;
    %pushi/vec4 6, 0, 4;
    %store/vec4 v0x13064aaa0_0, 0, 4;
    %jmp T_1.26;
T_1.19 ;
    %pushi/vec4 7, 0, 4;
    %store/vec4 v0x13064aaa0_0, 0, 4;
    %jmp T_1.26;
T_1.20 ;
    %pushi/vec4 8, 0, 4;
    %store/vec4 v0x13064aaa0_0, 0, 4;
    %jmp T_1.26;
T_1.21 ;
    %pushi/vec4 9, 0, 4;
    %store/vec4 v0x13064aaa0_0, 0, 4;
    %jmp T_1.26;
T_1.22 ;
    %pushi/vec4 10, 0, 4;
    %store/vec4 v0x13064aaa0_0, 0, 4;
    %jmp T_1.26;
T_1.23 ;
    %pushi/vec4 11, 0, 4;
    %store/vec4 v0x13064aaa0_0, 0, 4;
    %jmp T_1.26;
T_1.24 ;
    %pushi/vec4 12, 0, 4;
    %store/vec4 v0x13064aaa0_0, 0, 4;
    %jmp T_1.26;
T_1.26 ;
    %pop/vec4 1;
    %load/vec4 v0x13064a600_0;
    %ix/getv 4, v0x13064aaa0_0;
    %shiftl 4;
    %store/vec4 v0x13064a600_0, 0, 13;
    %load/vec4 v0x13064a140_0;
    %load/vec4 v0x13064aaa0_0;
    %pad/u 5;
    %sub;
    %addi 1, 0, 5;
    %store/vec4 v0x13064a140_0, 0, 5;
    %load/vec4 v0x13064a600_0;
    %parti/s 10, 2, 3;
    %store/vec4 v0x13064a4f0_0, 0, 10;
T_1.11 ;
    %load/vec4 v0x13064a8a0_0;
    %load/vec4 v0x13064a140_0;
    %concat/vec4; draw_concat_vec4
    %load/vec4 v0x13064a4f0_0;
    %concat/vec4; draw_concat_vec4
    %store/vec4 v0x13064a6b0_0, 0, 16;
    %jmp T_1;
    .thread T_1, $push;
    .scope S_0x13064ac60;
T_2 ;
    %wait E_0x13064af50;
    %load/vec4 v0x13064bf70_0;
    %parti/s 1, 15, 5;
    %store/vec4 v0x13064baf0_0, 0, 1;
    %load/vec4 v0x13064c020_0;
    %parti/s 1, 15, 5;
    %store/vec4 v0x13064bb90_0, 0, 1;
    %load/vec4 v0x13064bf70_0;
    %parti/s 5, 10, 5;
    %store/vec4 v0x13064aff0_0, 0, 5;
    %load/vec4 v0x13064c020_0;
    %parti/s 5, 10, 5;
    %store/vec4 v0x13064b0a0_0, 0, 5;
    %load/vec4 v0x13064bf70_0;
    %parti/s 10, 0, 2;
    %store/vec4 v0x13064b460_0, 0, 10;
    %load/vec4 v0x13064c020_0;
    %parti/s 10, 0, 2;
    %store/vec4 v0x13064b5c0_0, 0, 10;
    %load/vec4 v0x13064aff0_0;
    %pad/u 32;
    %cmpi/e 0, 0, 32;
    %flag_mov 8, 4;
    %jmp/0 T_2.0, 8;
    %pushi/vec4 0, 0, 1;
    %load/vec4 v0x13064b460_0;
    %concat/vec4; draw_concat_vec4
    %concati/vec4 0, 0, 1;
    %jmp/1 T_2.1, 8;
T_2.0 ; End of true expr.
    %pushi/vec4 1, 0, 1;
    %load/vec4 v0x13064b460_0;
    %concat/vec4; draw_concat_vec4
    %concati/vec4 0, 0, 1;
    %jmp/0 T_2.1, 8;
 ; End of false expr.
    %blend;
T_2.1;
    %store/vec4 v0x13064b510_0, 0, 12;
    %load/vec4 v0x13064b0a0_0;
    %pad/u 32;
    %cmpi/e 0, 0, 32;
    %flag_mov 8, 4;
    %jmp/0 T_2.2, 8;
    %pushi/vec4 0, 0, 1;
    %load/vec4 v0x13064b5c0_0;
    %concat/vec4; draw_concat_vec4
    %concati/vec4 0, 0, 1;
    %jmp/1 T_2.3, 8;
T_2.2 ; End of true expr.
    %pushi/vec4 1, 0, 1;
    %load/vec4 v0x13064b5c0_0;
    %concat/vec4; draw_concat_vec4
    %concati/vec4 0, 0, 1;
    %jmp/0 T_2.3, 8;
 ; End of false expr.
    %blend;
T_2.3;
    %store/vec4 v0x13064b6d0_0, 0, 12;
    %load/vec4 v0x13064b0a0_0;
    %load/vec4 v0x13064aff0_0;
    %cmp/u;
    %jmp/0xz  T_2.4, 5;
    %load/vec4 v0x13064aff0_0;
    %load/vec4 v0x13064b0a0_0;
    %sub;
    %store/vec4 v0x13064b150_0, 0, 5;
    %load/vec4 v0x13064b6d0_0;
    %ix/getv 4, v0x13064b150_0;
    %shiftr 4;
    %store/vec4 v0x13064b6d0_0, 0, 12;
    %load/vec4 v0x13064aff0_0;
    %store/vec4 v0x13064b210_0, 0, 5;
    %jmp T_2.5;
T_2.4 ;
    %load/vec4 v0x13064b0a0_0;
    %load/vec4 v0x13064aff0_0;
    %sub;
    %store/vec4 v0x13064b150_0, 0, 5;
    %load/vec4 v0x13064b510_0;
    %ix/getv 4, v0x13064b150_0;
    %shiftr 4;
    %store/vec4 v0x13064b510_0, 0, 12;
    %load/vec4 v0x13064b0a0_0;
    %store/vec4 v0x13064b210_0, 0, 5;
T_2.5 ;
    %load/vec4 v0x13064baf0_0;
    %load/vec4 v0x13064bb90_0;
    %cmp/e;
    %jmp/0xz  T_2.6, 4;
    %load/vec4 v0x13064b510_0;
    %pad/u 13;
    %load/vec4 v0x13064b6d0_0;
    %pad/u 13;
    %add;
    %store/vec4 v0x13064b830_0, 0, 13;
    %load/vec4 v0x13064baf0_0;
    %store/vec4 v0x13064bd20_0, 0, 1;
    %jmp T_2.7;
T_2.6 ;
    %load/vec4 v0x13064b6d0_0;
    %load/vec4 v0x13064b510_0;
    %cmp/u;
    %flag_or 5, 4;
    %jmp/0xz  T_2.8, 5;
    %load/vec4 v0x13064b510_0;
    %pad/u 13;
    %load/vec4 v0x13064b6d0_0;
    %pad/u 13;
    %sub;
    %store/vec4 v0x13064b830_0, 0, 13;
    %load/vec4 v0x13064baf0_0;
    %store/vec4 v0x13064bd20_0, 0, 1;
    %jmp T_2.9;
T_2.8 ;
    %load/vec4 v0x13064b6d0_0;
    %pad/u 13;
    %load/vec4 v0x13064b510_0;
    %pad/u 13;
    %sub;
    %store/vec4 v0x13064b830_0, 0, 13;
    %load/vec4 v0x13064bb90_0;
    %store/vec4 v0x13064bd20_0, 0, 1;
T_2.9 ;
T_2.7 ;
    %jmp T_2;
    .thread T_2, $push;
    .scope S_0x13064ac60;
T_3 ;
    %wait E_0x13064af10;
    %load/vec4 v0x13064c170_0;
    %flag_set/vec4 8;
    %jmp/0xz  T_3.0, 8;
    %pushi/vec4 0, 0, 5;
    %assign/vec4 v0x13064b3b0_0, 0;
    %pushi/vec4 0, 0, 13;
    %assign/vec4 v0x13064b990_0, 0;
    %pushi/vec4 0, 0, 1;
    %assign/vec4 v0x13064be40_0, 0;
    %jmp T_3.1;
T_3.0 ;
    %load/vec4 v0x13064c0d0_0;
    %flag_set/vec4 8;
    %jmp/0xz  T_3.2, 8;
    %load/vec4 v0x13064b210_0;
    %assign/vec4 v0x13064b3b0_0, 0;
    %load/vec4 v0x13064b830_0;
    %assign/vec4 v0x13064b990_0, 0;
    %load/vec4 v0x13064bd20_0;
    %assign/vec4 v0x13064be40_0, 0;
T_3.2 ;
T_3.1 ;
    %jmp T_3;
    .thread T_3;
    .scope S_0x13064ac60;
T_4 ;
    %wait E_0x13064ae90;
    %load/vec4 v0x13064b990_0;
    %pad/u 32;
    %cmpi/e 0, 0, 32;
    %jmp/0xz  T_4.0, 4;
    %pushi/vec4 0, 0, 5;
    %store/vec4 v0x13064b2c0_0, 0, 5;
    %pushi/vec4 0, 0, 10;
    %store/vec4 v0x13064b780_0, 0, 10;
    %pushi/vec4 0, 0, 1;
    %store/vec4 v0x13064bdb0_0, 0, 1;
    %jmp T_4.1;
T_4.0 ;
    %load/vec4 v0x13064b990_0;
    %dup/vec4;
    %pushi/vec4 8191, 4095, 13;
    %cmp/x;
    %jmp/1 T_4.2, 4;
    %dup/vec4;
    %pushi/vec4 4095, 2047, 13;
    %cmp/x;
    %jmp/1 T_4.3, 4;
    %dup/vec4;
    %pushi/vec4 2047, 1023, 13;
    %cmp/x;
    %jmp/1 T_4.4, 4;
    %dup/vec4;
    %pushi/vec4 1023, 511, 13;
    %cmp/x;
    %jmp/1 T_4.5, 4;
    %dup/vec4;
    %pushi/vec4 511, 255, 13;
    %cmp/x;
    %jmp/1 T_4.6, 4;
    %dup/vec4;
    %pushi/vec4 255, 127, 13;
    %cmp/x;
    %jmp/1 T_4.7, 4;
    %dup/vec4;
    %pushi/vec4 127, 63, 13;
    %cmp/x;
    %jmp/1 T_4.8, 4;
    %dup/vec4;
    %pushi/vec4 63, 31, 13;
    %cmp/x;
    %jmp/1 T_4.9, 4;
    %dup/vec4;
    %pushi/vec4 31, 15, 13;
    %cmp/x;
    %jmp/1 T_4.10, 4;
    %dup/vec4;
    %pushi/vec4 15, 7, 13;
    %cmp/x;
    %jmp/1 T_4.11, 4;
    %dup/vec4;
    %pushi/vec4 7, 3, 13;
    %cmp/x;
    %jmp/1 T_4.12, 4;
    %dup/vec4;
    %pushi/vec4 3, 1, 13;
    %cmp/x;
    %jmp/1 T_4.13, 4;
    %dup/vec4;
    %pushi/vec4 1, 0, 13;
    %cmp/x;
    %jmp/1 T_4.14, 4;
    %pushi/vec4 13, 0, 4;
    %store/vec4 v0x13064c210_0, 0, 4;
    %jmp T_4.16;
T_4.2 ;
    %pushi/vec4 0, 0, 4;
    %store/vec4 v0x13064c210_0, 0, 4;
    %jmp T_4.16;
T_4.3 ;
    %pushi/vec4 1, 0, 4;
    %store/vec4 v0x13064c210_0, 0, 4;
    %jmp T_4.16;
T_4.4 ;
    %pushi/vec4 2, 0, 4;
    %store/vec4 v0x13064c210_0, 0, 4;
    %jmp T_4.16;
T_4.5 ;
    %pushi/vec4 3, 0, 4;
    %store/vec4 v0x13064c210_0, 0, 4;
    %jmp T_4.16;
T_4.6 ;
    %pushi/vec4 4, 0, 4;
    %store/vec4 v0x13064c210_0, 0, 4;
    %jmp T_4.16;
T_4.7 ;
    %pushi/vec4 5, 0, 4;
    %store/vec4 v0x13064c210_0, 0, 4;
    %jmp T_4.16;
T_4.8 ;
    %pushi/vec4 6, 0, 4;
    %store/vec4 v0x13064c210_0, 0, 4;
    %jmp T_4.16;
T_4.9 ;
    %pushi/vec4 7, 0, 4;
    %store/vec4 v0x13064c210_0, 0, 4;
    %jmp T_4.16;
T_4.10 ;
    %pushi/vec4 8, 0, 4;
    %store/vec4 v0x13064c210_0, 0, 4;
    %jmp T_4.16;
T_4.11 ;
    %pushi/vec4 9, 0, 4;
    %store/vec4 v0x13064c210_0, 0, 4;
    %jmp T_4.16;
T_4.12 ;
    %pushi/vec4 10, 0, 4;
    %store/vec4 v0x13064c210_0, 0, 4;
    %jmp T_4.16;
T_4.13 ;
    %pushi/vec4 11, 0, 4;
    %store/vec4 v0x13064c210_0, 0, 4;
    %jmp T_4.16;
T_4.14 ;
    %pushi/vec4 12, 0, 4;
    %store/vec4 v0x13064c210_0, 0, 4;
    %jmp T_4.16;
T_4.16 ;
    %pop/vec4 1;
    %load/vec4 v0x13064b990_0;
    %ix/getv 4, v0x13064c210_0;
    %shiftl 4;
    %store/vec4 v0x13064b8e0_0, 0, 13;
    %load/vec4 v0x13064b3b0_0;
    %load/vec4 v0x13064c210_0;
    %pad/u 5;
    %sub;
    %addi 1, 0, 5;
    %store/vec4 v0x13064b2c0_0, 0, 5;
    %load/vec4 v0x13064b8e0_0;
    %parti/s 10, 2, 3;
    %store/vec4 v0x13064b780_0, 0, 10;
    %load/vec4 v0x13064be40_0;
    %store/vec4 v0x13064bdb0_0, 0, 1;
T_4.1 ;
    %load/vec4 v0x13064bdb0_0;
    %load/vec4 v0x13064b2c0_0;
    %concat/vec4; draw_concat_vec4
    %load/vec4 v0x13064b780_0;
    %concat/vec4; draw_concat_vec4
    %store/vec4 v0x13064ba40_0, 0, 16;
    %jmp T_4;
    .thread T_4, $push;
    .scope S_0x13061d380;
T_5 ;
    %delay 5000, 0;
    %load/vec4 v0x13064ca10_0;
    %inv;
    %store/vec4 v0x13064ca10_0, 0, 1;
    %jmp T_5;
    .thread T_5;
    .scope S_0x13061d380;
T_6 ;
    %pushi/vec4 0, 0, 1;
    %store/vec4 v0x13064ca10_0, 0, 1;
    %pushi/vec4 1, 0, 1;
    %store/vec4 v0x13064d200_0, 0, 1;
    %pushi/vec4 0, 0, 1;
    %store/vec4 v0x13064d2b0_0, 0, 1;
    %pushi/vec4 0, 0, 16;
    %store/vec4 v0x13064d020_0, 0, 16;
    %pushi/vec4 0, 0, 16;
    %store/vec4 v0x13064d0e0_0, 0, 16;
    %pushi/vec4 0, 0, 1;
    %store/vec4 v0x13064d170_0, 0, 1;
    %vpi_func 3 66 "$fopen" 32, "inputs/oprA_add", "r" {0 0 0};
    %store/vec4 v0x13064cc10_0, 0, 32;
    %vpi_func 3 67 "$fopen" 32, "inputs/oprB_add", "r" {0 0 0};
    %store/vec4 v0x13064cd00_0, 0, 32;
    %vpi_func 3 70 "$fopen" 32, "outputs/fpadd.out", "w" {0 0 0};
    %store/vec4 v0x13064cdb0_0, 0, 32;
    %vpi_func 3 71 "$fopen" 32, "outputs/result_add.out", "w" {0 0 0};
    %store/vec4 v0x13064ce60_0, 0, 32;
    %pushi/vec4 1, 0, 32;
    %store/vec4 v0x13064cf10_0, 0, 32;
    %delay 20000, 0;
    %pushi/vec4 0, 0, 1;
    %store/vec4 v0x13064d200_0, 0, 1;
    %pushi/vec4 1, 0, 1;
    %store/vec4 v0x13064d170_0, 0, 1;
    %delay 10000, 0;
T_6.0 ;
    %vpi_func 3 79 "$feof" 32, v0x13064cc10_0 {0 0 0};
    %nor/r;
    %flag_set/vec4 9;
    %flag_get/vec4 9;
    %jmp/0 T_6.2, 9;
    %vpi_func 3 79 "$feof" 32, v0x13064cd00_0 {0 0 0};
    %nor/r;
    %and;
T_6.2;
    %flag_set/vec4 8;
    %jmp/0xz T_6.1, 8;
    %vpi_func 3 82 "$fscanf" 32, v0x13064cc10_0, "%h", v0x13064d020_0 {0 0 0};
    %store/vec4 v0x13064cac0_0, 0, 32;
    %vpi_func 3 83 "$fscanf" 32, v0x13064cd00_0, "%h", v0x13064d0e0_0 {0 0 0};
    %store/vec4 v0x13064cb70_0, 0, 32;
    %delay 10000, 0;
    %load/vec4 v0x13064cf10_0;
    %addi 1, 0, 32;
    %store/vec4 v0x13064cf10_0, 0, 32;
    %jmp T_6.0;
T_6.1 ;
    %delay 10000, 0;
    %vpi_call 3 120 "$fclose", v0x13064cc10_0 {0 0 0};
    %vpi_call 3 121 "$fclose", v0x13064cd00_0 {0 0 0};
    %vpi_call 3 122 "$fclose", v0x13064cdb0_0 {0 0 0};
    %vpi_call 3 125 "$finish" {0 0 0};
    %end;
    .thread T_6;
    .scope S_0x13061d380;
T_7 ;
    %delay 40000, 0;
T_7.0 ;
    %pushi/vec4 1, 0, 32;
    %or/r;
    %flag_set/vec4 8;
    %jmp/0xz T_7.1, 8;
    %vpi_call 3 133 "$fdisplay", v0x13064ce60_0, "%h", v0x13064c960_0 {0 0 0};
    %delay 10000, 0;
    %jmp T_7.0;
T_7.1 ;
    %end;
    .thread T_7;
# The file index is used to find the file name in the following table.
:file_names 5;
    "N/A";
    "<interactive>";
    "src/b16fpadd.v";
    "tb/tb_b16fpadd_pipe.v";
    "src/b16fpadd_pipe.v";
