#! /opt/homebrew/Cellar/icarus-verilog/12.0/bin/vvp
:ivl_version "12.0 (stable)";
:ivl_delay_selection "TYPICAL";
:vpi_time_precision - 12;
:vpi_module "/opt/homebrew/Cellar/icarus-verilog/12.0/lib/ivl/system.vpi";
:vpi_module "/opt/homebrew/Cellar/icarus-verilog/12.0/lib/ivl/vhdl_sys.vpi";
:vpi_module "/opt/homebrew/Cellar/icarus-verilog/12.0/lib/ivl/vhdl_textio.vpi";
:vpi_module "/opt/homebrew/Cellar/icarus-verilog/12.0/lib/ivl/v2005_math.vpi";
:vpi_module "/opt/homebrew/Cellar/icarus-verilog/12.0/lib/ivl/va_math.vpi";
S_0x14ff0a3e0 .scope module, "tb" "tb" 2 16;
 .timescale -9 -12;
v0x14ff2e430_0 .net "Result", 15 0, v0x14ff2d930_0;  1 drivers
v0x14ff2e4e0_0 .var/i "dummyA", 31 0;
v0x14ff2e580_0 .var/i "dummyB", 31 0;
v0x14ff2e640_0 .var/i "fileA", 31 0;
v0x14ff2e6f0_0 .var/i "fileB", 31 0;
v0x14ff2e7e0_0 .var/i "fileOut", 31 0;
v0x14ff2e890_0 .var/i "fileResult", 31 0;
v0x14ff2e940_0 .var/i "i", 31 0;
v0x14ff2e9f0_0 .var "oprA", 15 0;
v0x14ff2eb20_0 .var "oprB", 15 0;
S_0x14ff05790 .scope module, "fp_mult" "b16fpmul" 2 23, 3 11 0, S_0x14ff0a3e0;
 .timescale 0 0;
    .port_info 0 /INPUT 16 "oprA";
    .port_info 1 /INPUT 16 "oprB";
    .port_info 2 /OUTPUT 16 "Result";
v0x14ff05970_0 .var "ExpA", 4 0;
v0x14ff2d410_0 .var "ExpB", 4 0;
v0x14ff2d4c0_0 .var "ExpR", 4 0;
v0x14ff2d580_0 .var "ExpZ", 5 0;
v0x14ff2d630_0 .var "FracA", 9 0;
v0x14ff2d720_0 .var "FracB", 9 0;
v0x14ff2d7d0_0 .var "FracR", 9 0;
v0x14ff2d880_0 .var "FracZ", 21 0;
v0x14ff2d930_0 .var "Result", 15 0;
v0x14ff2da40_0 .var "SA", 0 0;
v0x14ff2dae0_0 .var "SB", 0 0;
v0x14ff2db80_0 .var "SR", 0 0;
v0x14ff2dc20_0 .net "oprA", 15 0, v0x14ff2e9f0_0;  1 drivers
v0x14ff2dcd0_0 .net "oprB", 15 0, v0x14ff2eb20_0;  1 drivers
E_0x14ff0ac60/0 .event anyedge, v0x14ff2dc20_0, v0x14ff2dcd0_0, v0x14ff2da40_0, v0x14ff2dae0_0;
E_0x14ff0ac60/1 .event anyedge, v0x14ff2d630_0, v0x14ff2d720_0, v0x14ff05970_0, v0x14ff2d410_0;
E_0x14ff0ac60/2 .event anyedge, v0x14ff2d580_0, v0x14ff2d880_0, v0x14ff2db80_0, v0x14ff2d4c0_0;
E_0x14ff0ac60/3 .event anyedge, v0x14ff2d7d0_0;
E_0x14ff0ac60 .event/or E_0x14ff0ac60/0, E_0x14ff0ac60/1, E_0x14ff0ac60/2, E_0x14ff0ac60/3;
S_0x14ff2ddd0 .scope function.real, "ieee754_to_real" "ieee754_to_real" 2 25, 2 25 0, S_0x14ff0a3e0;
 .timescale -9 -12;
v0x14ff2df90_0 .var "bin", 15 0;
v0x14ff2e020_0 .var "exp", 7 0;
v0x14ff2e0b0_0 .var "frac", 6 0;
v0x14ff2e160_0 .var/real "fraction", 0 0;
v0x14ff2e200_0 .var/i "i", 31 0;
; Variable ieee754_to_real is REAL return value of scope S_0x14ff2ddd0
v0x14ff2e390_0 .var "sign", 0 0;
TD_tb.ieee754_to_real ;
    %load/vec4 v0x14ff2df90_0;
    %parti/s 1, 15, 5;
    %store/vec4 v0x14ff2e390_0, 0, 1;
    %load/vec4 v0x14ff2df90_0;
    %parti/s 8, 7, 4;
    %store/vec4 v0x14ff2e020_0, 0, 8;
    %load/vec4 v0x14ff2df90_0;
    %parti/s 7, 0, 2;
    %store/vec4 v0x14ff2e0b0_0, 0, 7;
    %pushi/real 1073741824, 4066; load=1.00000
    %store/real v0x14ff2e160_0;
    %pushi/vec4 0, 0, 32;
    %store/vec4 v0x14ff2e200_0, 0, 32;
T_0.0 ;
    %load/vec4 v0x14ff2e200_0;
    %cmpi/s 10, 0, 32;
    %jmp/0xz T_0.1, 5;
    %load/vec4 v0x14ff2e0b0_0;
    %load/vec4 v0x14ff2e200_0;
    %part/s 1;
    %flag_set/vec4 8;
    %jmp/0xz  T_0.2, 8;
    %load/real v0x14ff2e160_0;
    %pushi/real 1073741824, 4066; load=1.00000
    %pushi/vec4 1, 0, 32;
    %pushi/vec4 10, 0, 32;
    %load/vec4 v0x14ff2e200_0;
    %sub;
    %ix/vec4 4;
    %shiftl 4;
    %cvt/rv/s;
    %div/wr;
    %add/wr;
    %store/real v0x14ff2e160_0;
T_0.2 ;
    %load/vec4 v0x14ff2e200_0;
    %addi 1, 0, 32;
    %store/vec4 v0x14ff2e200_0, 0, 32;
    %jmp T_0.0;
T_0.1 ;
    %load/real v0x14ff2e160_0;
    %pushi/real 1073741824, 4067; load=2.00000
    %load/vec4 v0x14ff2e020_0;
    %pad/u 32;
    %subi 127, 0, 32;
    %cvt/rv;
    %pow/wr;
    %mul/wr;
    %ret/real 0; Assign to ieee754_to_real
    %load/vec4 v0x14ff2e390_0;
    %flag_set/vec4 8;
    %jmp/0xz  T_0.4, 8;
    %pushi/real 0, 0; load 0.0
    %retload/real 0; Load ieee754_to_real (draw_signal_real_real)
    %sub/wr;
    %ret/real 0; Assign to ieee754_to_real
T_0.4 ;
    %end;
    .scope S_0x14ff05790;
T_1 ;
    %wait E_0x14ff0ac60;
    %load/vec4 v0x14ff2dc20_0;
    %parti/s 1, 15, 5;
    %store/vec4 v0x14ff2da40_0, 0, 1;
    %load/vec4 v0x14ff2dcd0_0;
    %parti/s 1, 15, 5;
    %store/vec4 v0x14ff2dae0_0, 0, 1;
    %load/vec4 v0x14ff2dc20_0;
    %parti/s 5, 10, 5;
    %store/vec4 v0x14ff05970_0, 0, 5;
    %load/vec4 v0x14ff2dcd0_0;
    %parti/s 5, 10, 5;
    %store/vec4 v0x14ff2d410_0, 0, 5;
    %load/vec4 v0x14ff2dc20_0;
    %parti/s 10, 0, 2;
    %store/vec4 v0x14ff2d630_0, 0, 10;
    %load/vec4 v0x14ff2dcd0_0;
    %parti/s 10, 0, 2;
    %store/vec4 v0x14ff2d720_0, 0, 10;
    %load/vec4 v0x14ff2da40_0;
    %load/vec4 v0x14ff2dae0_0;
    %xor;
    %store/vec4 v0x14ff2db80_0, 0, 1;
    %pushi/vec4 1, 0, 1;
    %load/vec4 v0x14ff2d630_0;
    %concat/vec4; draw_concat_vec4
    %pad/u 22;
    %pushi/vec4 1, 0, 1;
    %load/vec4 v0x14ff2d720_0;
    %concat/vec4; draw_concat_vec4
    %pad/u 22;
    %mul;
    %store/vec4 v0x14ff2d880_0, 0, 22;
    %load/vec4 v0x14ff05970_0;
    %pad/u 6;
    %load/vec4 v0x14ff2d410_0;
    %pad/u 6;
    %add;
    %store/vec4 v0x14ff2d580_0, 0, 6;
    %load/vec4 v0x14ff2d580_0;
    %subi 15, 0, 6;
    %store/vec4 v0x14ff2d580_0, 0, 6;
    %load/vec4 v0x14ff2d880_0;
    %parti/s 1, 21, 6;
    %flag_set/vec4 8;
    %jmp/0 T_1.0, 8;
    %load/vec4 v0x14ff2d580_0;
    %addi 1, 0, 6;
    %jmp/1 T_1.1, 8;
T_1.0 ; End of true expr.
    %load/vec4 v0x14ff2d580_0;
    %jmp/0 T_1.1, 8;
 ; End of false expr.
    %blend;
T_1.1;
    %pad/u 5;
    %store/vec4 v0x14ff2d4c0_0, 0, 5;
    %load/vec4 v0x14ff2d880_0;
    %parti/s 1, 21, 6;
    %flag_set/vec4 8;
    %jmp/0 T_1.2, 8;
    %load/vec4 v0x14ff2d880_0;
    %parti/s 10, 11, 5;
    %jmp/1 T_1.3, 8;
T_1.2 ; End of true expr.
    %load/vec4 v0x14ff2d880_0;
    %parti/s 10, 10, 5;
    %jmp/0 T_1.3, 8;
 ; End of false expr.
    %blend;
T_1.3;
    %store/vec4 v0x14ff2d7d0_0, 0, 10;
    %load/vec4 v0x14ff2d580_0;
    %parti/s 1, 5, 4;
    %flag_set/vec4 8;
    %jmp/0 T_1.4, 8;
    %pushi/vec4 0, 0, 16;
    %jmp/1 T_1.5, 8;
T_1.4 ; End of true expr.
    %load/vec4 v0x14ff2db80_0;
    %load/vec4 v0x14ff2d4c0_0;
    %concat/vec4; draw_concat_vec4
    %load/vec4 v0x14ff2d7d0_0;
    %concat/vec4; draw_concat_vec4
    %jmp/0 T_1.5, 8;
 ; End of false expr.
    %blend;
T_1.5;
    %store/vec4 v0x14ff2d930_0, 0, 16;
    %jmp T_1;
    .thread T_1, $push;
    .scope S_0x14ff0a3e0;
T_2 ;
    %vpi_func 2 56 "$fopen" 32, "inputs/oprA_mul", "r" {0 0 0};
    %store/vec4 v0x14ff2e640_0, 0, 32;
    %vpi_func 2 57 "$fopen" 32, "inputs/oprB_mul", "r" {0 0 0};
    %store/vec4 v0x14ff2e6f0_0, 0, 32;
    %vpi_func 2 60 "$fopen" 32, "outputs/fpmul.out", "w" {0 0 0};
    %store/vec4 v0x14ff2e7e0_0, 0, 32;
    %vpi_func 2 61 "$fopen" 32, "outputs/result_mul.out", "w" {0 0 0};
    %store/vec4 v0x14ff2e890_0, 0, 32;
    %pushi/vec4 1, 0, 32;
    %store/vec4 v0x14ff2e940_0, 0, 32;
T_2.0 ;
    %vpi_func 2 65 "$feof" 32, v0x14ff2e640_0 {0 0 0};
    %nor/r;
    %flag_set/vec4 9;
    %flag_get/vec4 9;
    %jmp/0 T_2.2, 9;
    %vpi_func 2 65 "$feof" 32, v0x14ff2e6f0_0 {0 0 0};
    %nor/r;
    %and;
T_2.2;
    %flag_set/vec4 8;
    %jmp/0xz T_2.1, 8;
    %vpi_func 2 68 "$fscanf" 32, v0x14ff2e640_0, "%h", v0x14ff2e9f0_0 {0 0 0};
    %store/vec4 v0x14ff2e4e0_0, 0, 32;
    %vpi_func 2 69 "$fscanf" 32, v0x14ff2e6f0_0, "%h", v0x14ff2eb20_0 {0 0 0};
    %store/vec4 v0x14ff2e580_0, 0, 32;
    %delay 10000, 0;
    %vpi_call 2 75 "$fdisplay", v0x14ff2e7e0_0, "----- Test Case %0d -----", v0x14ff2e940_0 {0 0 0};
    %vpi_call 2 76 "$fdisplay", v0x14ff2e7e0_0, "oprA: %b %b %b", &PV<v0x14ff2e9f0_0, 15, 1>, &PV<v0x14ff2e9f0_0, 7, 8>, &PV<v0x14ff2e9f0_0, 0, 7> {0 0 0};
    %vpi_call 2 77 "$fdisplay", v0x14ff2e7e0_0, "oprB: %b %b %b", &PV<v0x14ff2eb20_0, 15, 1>, &PV<v0x14ff2eb20_0, 7, 8>, &PV<v0x14ff2eb20_0, 0, 7> {0 0 0};
    %vpi_call 2 78 "$fdisplay", v0x14ff2e7e0_0, "Result: %b %b %b", &PV<v0x14ff2e430_0, 15, 1>, &PV<v0x14ff2e430_0, 7, 8>, &PV<v0x14ff2e430_0, 0, 7> {0 0 0};
    %vpi_call 2 79 "$fdisplay", v0x14ff2e7e0_0, "FracA = %b", v0x14ff2d630_0 {0 0 0};
    %vpi_call 2 80 "$fdisplay", v0x14ff2e7e0_0, "FracB = %b", v0x14ff2d720_0 {0 0 0};
    %vpi_call 2 81 "$fdisplay", v0x14ff2e7e0_0, "FracZ = %b", v0x14ff2d880_0 {0 0 0};
    %vpi_call 2 82 "$fdisplay", v0x14ff2e7e0_0, "ExpR = %b", v0x14ff2d4c0_0 {0 0 0};
    %vpi_call 2 88 "$fdisplay", v0x14ff2e890_0, "%h", v0x14ff2e430_0 {0 0 0};
    %load/vec4 v0x14ff2e940_0;
    %addi 1, 0, 32;
    %store/vec4 v0x14ff2e940_0, 0, 32;
    %jmp T_2.0;
T_2.1 ;
    %vpi_call 2 98 "$fclose", v0x14ff2e640_0 {0 0 0};
    %vpi_call 2 99 "$fclose", v0x14ff2e6f0_0 {0 0 0};
    %vpi_call 2 100 "$fclose", v0x14ff2e7e0_0 {0 0 0};
    %vpi_call 2 103 "$finish" {0 0 0};
    %end;
    .thread T_2;
# The file index is used to find the file name in the following table.
:file_names 4;
    "N/A";
    "<interactive>";
    "tb/tb_b16fpmul.v";
    "src/b16fpmul.v";
