#! /opt/homebrew/Cellar/icarus-verilog/12.0/bin/vvp
:ivl_version "12.0 (stable)";
:ivl_delay_selection "TYPICAL";
:vpi_time_precision - 12;
:vpi_module "/opt/homebrew/Cellar/icarus-verilog/12.0/lib/ivl/system.vpi";
:vpi_module "/opt/homebrew/Cellar/icarus-verilog/12.0/lib/ivl/vhdl_sys.vpi";
:vpi_module "/opt/homebrew/Cellar/icarus-verilog/12.0/lib/ivl/vhdl_textio.vpi";
:vpi_module "/opt/homebrew/Cellar/icarus-verilog/12.0/lib/ivl/v2005_math.vpi";
:vpi_module "/opt/homebrew/Cellar/icarus-verilog/12.0/lib/ivl/va_math.vpi";
S_0x14f619c30 .scope module, "tb" "tb" 2 16;
 .timescale -9 -12;
v0x14f642870_0 .net "Result", 15 0, v0x14f642070_0;  1 drivers
v0x14f642940_0 .var "clk", 0 0;
v0x14f6429d0_0 .var/i "dummyA", 31 0;
v0x14f642a80_0 .var/i "dummyB", 31 0;
v0x14f642b10_0 .var/i "fileA", 31 0;
v0x14f642c00_0 .var/i "fileB", 31 0;
v0x14f642cb0_0 .var/i "fileOut", 31 0;
v0x14f642d60_0 .var/i "fileResult", 31 0;
v0x14f642e10_0 .var/i "i", 31 0;
v0x14f642f20_0 .var "oprA", 15 0;
v0x14f642fc0_0 .var "oprB", 15 0;
v0x14f6430a0_0 .var "rst", 0 0;
v0x14f643130_0 .var "valid", 0 0;
S_0x14f619da0 .scope module, "uut" "b16fpmac" 2 26, 3 11 0, S_0x14f619c30;
 .timescale 0 0;
    .port_info 0 /INPUT 1 "clk";
    .port_info 1 /INPUT 1 "rst";
    .port_info 2 /INPUT 1 "valid";
    .port_info 3 /INPUT 16 "oprA";
    .port_info 4 /INPUT 16 "oprB";
    .port_info 5 /OUTPUT 16 "Result";
v0x14f642070_0 .var "Result", 15 0;
v0x14f642100_0 .net "add_result", 15 0, v0x14f640df0_0;  1 drivers
v0x14f642190_0 .net "clk", 0 0, v0x14f642940_0;  1 drivers
v0x14f642240_0 .var "im_result", 15 0;
v0x14f6422f0_0 .var "im_valid", 0 0;
v0x14f6423c0_0 .net "mul_result", 15 0, v0x14f641bd0_0;  1 drivers
v0x14f642460_0 .net "oprA", 15 0, v0x14f642f20_0;  1 drivers
v0x14f642510_0 .net "oprB", 15 0, v0x14f642fc0_0;  1 drivers
v0x14f6425c0_0 .net "rst", 0 0, v0x14f6430a0_0;  1 drivers
v0x14f6426d0_0 .var "sum_reg", 15 0;
v0x14f642790_0 .net "valid", 0 0, v0x14f643130_0;  1 drivers
E_0x14f632410 .event posedge, v0x14f642190_0;
S_0x14f60b6c0 .scope module, "add" "b16fpadd" 3 27, 4 14 0, S_0x14f619da0;
 .timescale 0 0;
    .port_info 0 /INPUT 16 "oprA";
    .port_info 1 /INPUT 16 "oprB";
    .port_info 2 /OUTPUT 16 "Result";
v0x14f60b8b0_0 .var "ExpA", 4 0;
v0x14f640710_0 .var "ExpB", 4 0;
v0x14f6407c0_0 .var "ExpDiff", 4 0;
v0x14f640880_0 .var "ExpR", 4 0;
v0x14f640930_0 .var "FracA", 9 0;
v0x14f640a20_0 .var "FracA_ext", 11 0;
v0x14f640ad0_0 .var "FracB", 9 0;
v0x14f640b80_0 .var "FracB_ext", 11 0;
v0x14f640c30_0 .var "FracR", 9 0;
v0x14f640d40_0 .var "FracZ", 12 0;
v0x14f640df0_0 .var "Result", 15 0;
v0x14f640ea0_0 .var "SA", 0 0;
v0x14f640f40_0 .var "SB", 0 0;
v0x14f640fe0_0 .var "SR", 0 0;
v0x14f641080_0 .net "oprA", 15 0, v0x14f6426d0_0;  1 drivers
v0x14f641130_0 .net "oprB", 15 0, v0x14f642240_0;  1 drivers
v0x14f6411e0_0 .var "shift_amt", 3 0;
E_0x14f61a3b0/0 .event anyedge, v0x14f641080_0, v0x14f641130_0, v0x14f60b8b0_0, v0x14f640930_0;
E_0x14f61a3b0/1 .event anyedge, v0x14f640710_0, v0x14f640ad0_0, v0x14f640b80_0, v0x14f6407c0_0;
E_0x14f61a3b0/2 .event anyedge, v0x14f640a20_0, v0x14f640ea0_0, v0x14f640f40_0, v0x14f640d40_0;
E_0x14f61a3b0/3 .event anyedge, v0x14f6411e0_0, v0x14f640880_0, v0x14f640fe0_0, v0x14f640c30_0;
E_0x14f61a3b0 .event/or E_0x14f61a3b0/0, E_0x14f61a3b0/1, E_0x14f61a3b0/2, E_0x14f61a3b0/3;
S_0x14f6413a0 .scope module, "mul" "b16fpmul" 3 26, 5 11 0, S_0x14f619da0;
 .timescale 0 0;
    .port_info 0 /INPUT 16 "oprA";
    .port_info 1 /INPUT 16 "oprB";
    .port_info 2 /OUTPUT 16 "Result";
v0x14f641610_0 .var "ExpA", 4 0;
v0x14f6416b0_0 .var "ExpB", 4 0;
v0x14f641760_0 .var "ExpR", 4 0;
v0x14f641820_0 .var "ExpZ", 5 0;
v0x14f6418d0_0 .var "FracA", 9 0;
v0x14f6419c0_0 .var "FracB", 9 0;
v0x14f641a70_0 .var "FracR", 9 0;
v0x14f641b20_0 .var "FracZ", 21 0;
v0x14f641bd0_0 .var "Result", 15 0;
v0x14f641ce0_0 .var "SA", 0 0;
v0x14f641d80_0 .var "SB", 0 0;
v0x14f641e20_0 .var "SR", 0 0;
v0x14f641ec0_0 .net "oprA", 15 0, v0x14f642f20_0;  alias, 1 drivers
v0x14f641f70_0 .net "oprB", 15 0, v0x14f642fc0_0;  alias, 1 drivers
E_0x14f641560/0 .event anyedge, v0x14f641ec0_0, v0x14f641f70_0, v0x14f641ce0_0, v0x14f641d80_0;
E_0x14f641560/1 .event anyedge, v0x14f6418d0_0, v0x14f6419c0_0, v0x14f641610_0, v0x14f6416b0_0;
E_0x14f641560/2 .event anyedge, v0x14f641820_0, v0x14f641b20_0, v0x14f641e20_0, v0x14f641760_0;
E_0x14f641560/3 .event anyedge, v0x14f641a70_0;
E_0x14f641560 .event/or E_0x14f641560/0, E_0x14f641560/1, E_0x14f641560/2, E_0x14f641560/3;
    .scope S_0x14f6413a0;
T_0 ;
    %wait E_0x14f641560;
    %load/vec4 v0x14f641ec0_0;
    %parti/s 1, 15, 5;
    %store/vec4 v0x14f641ce0_0, 0, 1;
    %load/vec4 v0x14f641f70_0;
    %parti/s 1, 15, 5;
    %store/vec4 v0x14f641d80_0, 0, 1;
    %load/vec4 v0x14f641ec0_0;
    %parti/s 5, 10, 5;
    %store/vec4 v0x14f641610_0, 0, 5;
    %load/vec4 v0x14f641f70_0;
    %parti/s 5, 10, 5;
    %store/vec4 v0x14f6416b0_0, 0, 5;
    %load/vec4 v0x14f641ec0_0;
    %parti/s 10, 0, 2;
    %store/vec4 v0x14f6418d0_0, 0, 10;
    %load/vec4 v0x14f641f70_0;
    %parti/s 10, 0, 2;
    %store/vec4 v0x14f6419c0_0, 0, 10;
    %load/vec4 v0x14f641ce0_0;
    %load/vec4 v0x14f641d80_0;
    %xor;
    %store/vec4 v0x14f641e20_0, 0, 1;
    %pushi/vec4 1, 0, 1;
    %load/vec4 v0x14f6418d0_0;
    %concat/vec4; draw_concat_vec4
    %pad/u 22;
    %pushi/vec4 1, 0, 1;
    %load/vec4 v0x14f6419c0_0;
    %concat/vec4; draw_concat_vec4
    %pad/u 22;
    %mul;
    %store/vec4 v0x14f641b20_0, 0, 22;
    %load/vec4 v0x14f641610_0;
    %pad/u 6;
    %load/vec4 v0x14f6416b0_0;
    %pad/u 6;
    %add;
    %store/vec4 v0x14f641820_0, 0, 6;
    %load/vec4 v0x14f641820_0;
    %subi 15, 0, 6;
    %store/vec4 v0x14f641820_0, 0, 6;
    %load/vec4 v0x14f641b20_0;
    %parti/s 1, 21, 6;
    %flag_set/vec4 8;
    %jmp/0 T_0.0, 8;
    %load/vec4 v0x14f641820_0;
    %addi 1, 0, 6;
    %jmp/1 T_0.1, 8;
T_0.0 ; End of true expr.
    %load/vec4 v0x14f641820_0;
    %jmp/0 T_0.1, 8;
 ; End of false expr.
    %blend;
T_0.1;
    %pad/u 5;
    %store/vec4 v0x14f641760_0, 0, 5;
    %load/vec4 v0x14f641b20_0;
    %parti/s 1, 21, 6;
    %flag_set/vec4 8;
    %jmp/0 T_0.2, 8;
    %load/vec4 v0x14f641b20_0;
    %parti/s 10, 11, 5;
    %jmp/1 T_0.3, 8;
T_0.2 ; End of true expr.
    %load/vec4 v0x14f641b20_0;
    %parti/s 10, 10, 5;
    %jmp/0 T_0.3, 8;
 ; End of false expr.
    %blend;
T_0.3;
    %store/vec4 v0x14f641a70_0, 0, 10;
    %load/vec4 v0x14f641820_0;
    %parti/s 1, 5, 4;
    %flag_set/vec4 8;
    %jmp/0 T_0.4, 8;
    %pushi/vec4 0, 0, 16;
    %jmp/1 T_0.5, 8;
T_0.4 ; End of true expr.
    %load/vec4 v0x14f641e20_0;
    %load/vec4 v0x14f641760_0;
    %concat/vec4; draw_concat_vec4
    %load/vec4 v0x14f641a70_0;
    %concat/vec4; draw_concat_vec4
    %jmp/0 T_0.5, 8;
 ; End of false expr.
    %blend;
T_0.5;
    %store/vec4 v0x14f641bd0_0, 0, 16;
    %jmp T_0;
    .thread T_0, $push;
    .scope S_0x14f60b6c0;
T_1 ;
    %wait E_0x14f61a3b0;
    %load/vec4 v0x14f641080_0;
    %parti/s 1, 15, 5;
    %store/vec4 v0x14f640ea0_0, 0, 1;
    %load/vec4 v0x14f641130_0;
    %parti/s 1, 15, 5;
    %store/vec4 v0x14f640f40_0, 0, 1;
    %load/vec4 v0x14f641080_0;
    %parti/s 5, 10, 5;
    %store/vec4 v0x14f60b8b0_0, 0, 5;
    %load/vec4 v0x14f641130_0;
    %parti/s 5, 10, 5;
    %store/vec4 v0x14f640710_0, 0, 5;
    %load/vec4 v0x14f641080_0;
    %parti/s 10, 0, 2;
    %store/vec4 v0x14f640930_0, 0, 10;
    %load/vec4 v0x14f641130_0;
    %parti/s 10, 0, 2;
    %store/vec4 v0x14f640ad0_0, 0, 10;
    %load/vec4 v0x14f60b8b0_0;
    %pad/u 32;
    %cmpi/e 0, 0, 32;
    %flag_mov 8, 4;
    %jmp/0 T_1.0, 8;
    %pushi/vec4 0, 0, 1;
    %load/vec4 v0x14f640930_0;
    %concat/vec4; draw_concat_vec4
    %concati/vec4 0, 0, 1;
    %jmp/1 T_1.1, 8;
T_1.0 ; End of true expr.
    %pushi/vec4 1, 0, 1;
    %load/vec4 v0x14f640930_0;
    %concat/vec4; draw_concat_vec4
    %concati/vec4 0, 0, 1;
    %jmp/0 T_1.1, 8;
 ; End of false expr.
    %blend;
T_1.1;
    %store/vec4 v0x14f640a20_0, 0, 12;
    %load/vec4 v0x14f640710_0;
    %pad/u 32;
    %cmpi/e 0, 0, 32;
    %flag_mov 8, 4;
    %jmp/0 T_1.2, 8;
    %pushi/vec4 0, 0, 1;
    %load/vec4 v0x14f640ad0_0;
    %concat/vec4; draw_concat_vec4
    %concati/vec4 0, 0, 1;
    %jmp/1 T_1.3, 8;
T_1.2 ; End of true expr.
    %pushi/vec4 1, 0, 1;
    %load/vec4 v0x14f640ad0_0;
    %concat/vec4; draw_concat_vec4
    %concati/vec4 0, 0, 1;
    %jmp/0 T_1.3, 8;
 ; End of false expr.
    %blend;
T_1.3;
    %store/vec4 v0x14f640b80_0, 0, 12;
    %load/vec4 v0x14f640710_0;
    %load/vec4 v0x14f60b8b0_0;
    %cmp/u;
    %jmp/0xz  T_1.4, 5;
    %load/vec4 v0x14f60b8b0_0;
    %load/vec4 v0x14f640710_0;
    %sub;
    %store/vec4 v0x14f6407c0_0, 0, 5;
    %load/vec4 v0x14f640b80_0;
    %ix/getv 4, v0x14f6407c0_0;
    %shiftr 4;
    %store/vec4 v0x14f640b80_0, 0, 12;
    %load/vec4 v0x14f60b8b0_0;
    %store/vec4 v0x14f640880_0, 0, 5;
    %jmp T_1.5;
T_1.4 ;
    %load/vec4 v0x14f640710_0;
    %load/vec4 v0x14f60b8b0_0;
    %sub;
    %store/vec4 v0x14f6407c0_0, 0, 5;
    %load/vec4 v0x14f640a20_0;
    %ix/getv 4, v0x14f6407c0_0;
    %shiftr 4;
    %store/vec4 v0x14f640a20_0, 0, 12;
    %load/vec4 v0x14f640710_0;
    %store/vec4 v0x14f640880_0, 0, 5;
T_1.5 ;
    %load/vec4 v0x14f640ea0_0;
    %load/vec4 v0x14f640f40_0;
    %cmp/e;
    %jmp/0xz  T_1.6, 4;
    %load/vec4 v0x14f640a20_0;
    %pad/u 13;
    %load/vec4 v0x14f640b80_0;
    %pad/u 13;
    %add;
    %store/vec4 v0x14f640d40_0, 0, 13;
    %load/vec4 v0x14f640ea0_0;
    %store/vec4 v0x14f640fe0_0, 0, 1;
    %jmp T_1.7;
T_1.6 ;
    %load/vec4 v0x14f640b80_0;
    %load/vec4 v0x14f640a20_0;
    %cmp/u;
    %flag_or 5, 4;
    %jmp/0xz  T_1.8, 5;
    %load/vec4 v0x14f640a20_0;
    %pad/u 13;
    %load/vec4 v0x14f640b80_0;
    %pad/u 13;
    %sub;
    %store/vec4 v0x14f640d40_0, 0, 13;
    %load/vec4 v0x14f640ea0_0;
    %store/vec4 v0x14f640fe0_0, 0, 1;
    %jmp T_1.9;
T_1.8 ;
    %load/vec4 v0x14f640b80_0;
    %pad/u 13;
    %load/vec4 v0x14f640a20_0;
    %pad/u 13;
    %sub;
    %store/vec4 v0x14f640d40_0, 0, 13;
    %load/vec4 v0x14f640f40_0;
    %store/vec4 v0x14f640fe0_0, 0, 1;
T_1.9 ;
T_1.7 ;
    %load/vec4 v0x14f640d40_0;
    %pad/u 32;
    %cmpi/e 0, 0, 32;
    %jmp/0xz  T_1.10, 4;
    %pushi/vec4 0, 0, 5;
    %store/vec4 v0x14f640880_0, 0, 5;
    %pushi/vec4 0, 0, 10;
    %store/vec4 v0x14f640c30_0, 0, 10;
    %pushi/vec4 0, 0, 1;
    %store/vec4 v0x14f640fe0_0, 0, 1;
    %jmp T_1.11;
T_1.10 ;
    %load/vec4 v0x14f640d40_0;
    %dup/vec4;
    %pushi/vec4 8191, 4095, 13;
    %cmp/x;
    %jmp/1 T_1.12, 4;
    %dup/vec4;
    %pushi/vec4 4095, 2047, 13;
    %cmp/x;
    %jmp/1 T_1.13, 4;
    %dup/vec4;
    %pushi/vec4 2047, 1023, 13;
    %cmp/x;
    %jmp/1 T_1.14, 4;
    %dup/vec4;
    %pushi/vec4 1023, 511, 13;
    %cmp/x;
    %jmp/1 T_1.15, 4;
    %dup/vec4;
    %pushi/vec4 511, 255, 13;
    %cmp/x;
    %jmp/1 T_1.16, 4;
    %dup/vec4;
    %pushi/vec4 255, 127, 13;
    %cmp/x;
    %jmp/1 T_1.17, 4;
    %dup/vec4;
    %pushi/vec4 127, 63, 13;
    %cmp/x;
    %jmp/1 T_1.18, 4;
    %dup/vec4;
    %pushi/vec4 63, 31, 13;
    %cmp/x;
    %jmp/1 T_1.19, 4;
    %dup/vec4;
    %pushi/vec4 31, 15, 13;
    %cmp/x;
    %jmp/1 T_1.20, 4;
    %dup/vec4;
    %pushi/vec4 15, 7, 13;
    %cmp/x;
    %jmp/1 T_1.21, 4;
    %dup/vec4;
    %pushi/vec4 7, 3, 13;
    %cmp/x;
    %jmp/1 T_1.22, 4;
    %dup/vec4;
    %pushi/vec4 3, 1, 13;
    %cmp/x;
    %jmp/1 T_1.23, 4;
    %dup/vec4;
    %pushi/vec4 1, 0, 13;
    %cmp/x;
    %jmp/1 T_1.24, 4;
    %pushi/vec4 13, 0, 4;
    %store/vec4 v0x14f6411e0_0, 0, 4;
    %jmp T_1.26;
T_1.12 ;
    %pushi/vec4 0, 0, 4;
    %store/vec4 v0x14f6411e0_0, 0, 4;
    %jmp T_1.26;
T_1.13 ;
    %pushi/vec4 1, 0, 4;
    %store/vec4 v0x14f6411e0_0, 0, 4;
    %jmp T_1.26;
T_1.14 ;
    %pushi/vec4 2, 0, 4;
    %store/vec4 v0x14f6411e0_0, 0, 4;
    %jmp T_1.26;
T_1.15 ;
    %pushi/vec4 3, 0, 4;
    %store/vec4 v0x14f6411e0_0, 0, 4;
    %jmp T_1.26;
T_1.16 ;
    %pushi/vec4 4, 0, 4;
    %store/vec4 v0x14f6411e0_0, 0, 4;
    %jmp T_1.26;
T_1.17 ;
    %pushi/vec4 5, 0, 4;
    %store/vec4 v0x14f6411e0_0, 0, 4;
    %jmp T_1.26;
T_1.18 ;
    %pushi/vec4 6, 0, 4;
    %store/vec4 v0x14f6411e0_0, 0, 4;
    %jmp T_1.26;
T_1.19 ;
    %pushi/vec4 7, 0, 4;
    %store/vec4 v0x14f6411e0_0, 0, 4;
    %jmp T_1.26;
T_1.20 ;
    %pushi/vec4 8, 0, 4;
    %store/vec4 v0x14f6411e0_0, 0, 4;
    %jmp T_1.26;
T_1.21 ;
    %pushi/vec4 9, 0, 4;
    %store/vec4 v0x14f6411e0_0, 0, 4;
    %jmp T_1.26;
T_1.22 ;
    %pushi/vec4 10, 0, 4;
    %store/vec4 v0x14f6411e0_0, 0, 4;
    %jmp T_1.26;
T_1.23 ;
    %pushi/vec4 11, 0, 4;
    %store/vec4 v0x14f6411e0_0, 0, 4;
    %jmp T_1.26;
T_1.24 ;
    %pushi/vec4 12, 0, 4;
    %store/vec4 v0x14f6411e0_0, 0, 4;
    %jmp T_1.26;
T_1.26 ;
    %pop/vec4 1;
    %load/vec4 v0x14f640d40_0;
    %ix/getv 4, v0x14f6411e0_0;
    %shiftl 4;
    %store/vec4 v0x14f640d40_0, 0, 13;
    %load/vec4 v0x14f640880_0;
    %load/vec4 v0x14f6411e0_0;
    %pad/u 5;
    %sub;
    %addi 1, 0, 5;
    %store/vec4 v0x14f640880_0, 0, 5;
    %load/vec4 v0x14f640d40_0;
    %parti/s 10, 2, 3;
    %store/vec4 v0x14f640c30_0, 0, 10;
T_1.11 ;
    %load/vec4 v0x14f640fe0_0;
    %load/vec4 v0x14f640880_0;
    %concat/vec4; draw_concat_vec4
    %load/vec4 v0x14f640c30_0;
    %concat/vec4; draw_concat_vec4
    %store/vec4 v0x14f640df0_0, 0, 16;
    %jmp T_1;
    .thread T_1, $push;
    .scope S_0x14f619da0;
T_2 ;
    %wait E_0x14f632410;
    %load/vec4 v0x14f6425c0_0;
    %flag_set/vec4 8;
    %jmp/0xz  T_2.0, 8;
    %pushi/vec4 0, 0, 16;
    %assign/vec4 v0x14f6426d0_0, 0;
    %jmp T_2.1;
T_2.0 ;
    %load/vec4 v0x14f6422f0_0;
    %flag_set/vec4 8;
    %jmp/0xz  T_2.2, 8;
    %load/vec4 v0x14f642100_0;
    %assign/vec4 v0x14f6426d0_0, 0;
T_2.2 ;
T_2.1 ;
    %jmp T_2;
    .thread T_2;
    .scope S_0x14f619da0;
T_3 ;
    %wait E_0x14f632410;
    %load/vec4 v0x14f6425c0_0;
    %flag_set/vec4 8;
    %jmp/0xz  T_3.0, 8;
    %pushi/vec4 0, 0, 1;
    %assign/vec4 v0x14f6422f0_0, 0;
    %pushi/vec4 0, 0, 16;
    %assign/vec4 v0x14f642240_0, 0;
    %jmp T_3.1;
T_3.0 ;
    %load/vec4 v0x14f642790_0;
    %assign/vec4 v0x14f6422f0_0, 0;
    %load/vec4 v0x14f6423c0_0;
    %assign/vec4 v0x14f642240_0, 0;
T_3.1 ;
    %load/vec4 v0x14f6426d0_0;
    %assign/vec4 v0x14f642070_0, 0;
    %jmp T_3;
    .thread T_3;
    .scope S_0x14f619c30;
T_4 ;
    %delay 5000, 0;
    %load/vec4 v0x14f642940_0;
    %inv;
    %store/vec4 v0x14f642940_0, 0, 1;
    %jmp T_4;
    .thread T_4;
    .scope S_0x14f619c30;
T_5 ;
    %pushi/vec4 0, 0, 1;
    %store/vec4 v0x14f642940_0, 0, 1;
    %pushi/vec4 1, 0, 1;
    %store/vec4 v0x14f6430a0_0, 0, 1;
    %pushi/vec4 0, 0, 1;
    %store/vec4 v0x14f643130_0, 0, 1;
    %pushi/vec4 0, 0, 16;
    %store/vec4 v0x14f642f20_0, 0, 16;
    %pushi/vec4 0, 0, 16;
    %store/vec4 v0x14f642fc0_0, 0, 16;
    %pushi/vec4 1, 0, 32;
    %store/vec4 v0x14f642e10_0, 0, 32;
    %vpi_func 2 46 "$fopen" 32, "inputs/oprA_mac", "r" {0 0 0};
    %store/vec4 v0x14f642b10_0, 0, 32;
    %vpi_func 2 47 "$fopen" 32, "inputs/oprB_mac", "r" {0 0 0};
    %store/vec4 v0x14f642c00_0, 0, 32;
    %vpi_func 2 48 "$fopen" 32, "outputs/fpmac.out", "w" {0 0 0};
    %store/vec4 v0x14f642cb0_0, 0, 32;
    %vpi_func 2 49 "$fopen" 32, "outputs/result_mac.out", "w" {0 0 0};
    %store/vec4 v0x14f642d60_0, 0, 32;
    %delay 20000, 0;
    %pushi/vec4 0, 0, 1;
    %store/vec4 v0x14f6430a0_0, 0, 1;
    %delay 10000, 0;
    %pushi/vec4 1, 0, 1;
    %store/vec4 v0x14f643130_0, 0, 1;
T_5.0 ;
    %vpi_func 2 57 "$feof" 32, v0x14f642b10_0 {0 0 0};
    %nor/r;
    %flag_set/vec4 9;
    %flag_get/vec4 9;
    %jmp/0 T_5.2, 9;
    %vpi_func 2 57 "$feof" 32, v0x14f642c00_0 {0 0 0};
    %nor/r;
    %and;
T_5.2;
    %flag_set/vec4 8;
    %jmp/0xz T_5.1, 8;
    %vpi_func 2 60 "$fscanf" 32, v0x14f642b10_0, "%h", v0x14f642f20_0 {0 0 0};
    %store/vec4 v0x14f6429d0_0, 0, 32;
    %vpi_func 2 61 "$fscanf" 32, v0x14f642c00_0, "%h", v0x14f642fc0_0 {0 0 0};
    %store/vec4 v0x14f642a80_0, 0, 32;
    %delay 10000, 0;
    %vpi_call 2 65 "$fdisplay", v0x14f642cb0_0, "----- MAC Step %0d -----", v0x14f642e10_0 {0 0 0};
    %vpi_call 2 66 "$fdisplay", v0x14f642cb0_0, "oprA: %h", v0x14f642f20_0 {0 0 0};
    %vpi_call 2 67 "$fdisplay", v0x14f642cb0_0, "oprB: %h", v0x14f642fc0_0 {0 0 0};
    %load/vec4 v0x14f642e10_0;
    %addi 1, 0, 32;
    %store/vec4 v0x14f642e10_0, 0, 32;
    %jmp T_5.0;
T_5.1 ;
    %delay 10000, 0;
    %vpi_call 2 74 "$fclose", v0x14f642b10_0 {0 0 0};
    %vpi_call 2 75 "$fclose", v0x14f642c00_0 {0 0 0};
    %vpi_call 2 76 "$fclose", v0x14f642cb0_0 {0 0 0};
    %vpi_call 2 77 "$fclose", v0x14f642d60_0 {0 0 0};
    %vpi_call 2 79 "$finish" {0 0 0};
    %end;
    .thread T_5;
    .scope S_0x14f619c30;
T_6 ;
    %delay 60000, 0;
T_6.0 ;
    %pushi/vec4 1, 0, 32;
    %or/r;
    %flag_set/vec4 8;
    %jmp/0xz T_6.1, 8;
    %vpi_call 2 85 "$fdisplay", v0x14f642cb0_0, "Result: %h", v0x14f642870_0 {0 0 0};
    %vpi_call 2 86 "$fdisplay", v0x14f642d60_0, "%h", v0x14f642870_0 {0 0 0};
    %delay 10000, 0;
    %jmp T_6.0;
T_6.1 ;
    %end;
    .thread T_6;
# The file index is used to find the file name in the following table.
:file_names 6;
    "N/A";
    "<interactive>";
    "tb/tb_b16fpmac.v";
    "src/b16fpmac.v";
    "src/b16fpadd.v";
    "src/b16fpmul.v";
