----- Test Case 1 -----
oprA: 1 01100010 1110000
oprB: 1 01100010 1010010
Result: 0 01001110 0111011
FracA = 0101110000
FracB = 0101010010
FracZ = 0111001110110111100000
ExpR = 01001
----- Test Case 2 -----
oprA: 1 01101100 1110010
oprB: 0 01100110 0100101
Result: 1 01011011 1000001
FracA = 1001110010
FracB = 1100100101
FracZ = 1011100000110001111010
ExpR = 01011
----- Test Case 3 -----
oprA: 0 01011111 1101110
oprB: 1 01101000 0110010
Result: 1 01010000 0101000
FracA = 1111101110
FracB = 0000110010
FracZ = 1000010100010001111100
ExpR = 01010
----- Test Case 4 -----
oprA: 0 01101010 1111101
oprB: 1 01101000 0111101
Result: 1 01011011 1010000
FracA = 0101111101
FracB = 0000111101
FracZ = 0101110100001011001001
ExpR = 01011
----- Test Case 5 -----
oprA: 0 01100000 0100101
oprB: 1 01100111 0001111
Result: 1 01001111 1010100
FracA = 0000100101
FracB = 1110001111
FracZ = 0111110101001110101011
ExpR = 01001
----- Test Case 6 -----
oprA: 0 01101001 0101111
oprB: 0 01001101 0111100
Result: 0 00111111 1100010
FracA = 0010101111
FracB = 1010111100
FracZ = 0111111000101010000100
ExpR = 00111
----- Test Case 7 -----
oprA: 0 01101101 0000100
oprB: 1 00111110 0000011
Result: 1 00110011 0110101
FracA = 1010000100
FracB = 1100000011
FracZ = 1011011010111110001100
ExpR = 00110
----- Test Case 8 -----
oprA: 0 01100101 0100000
oprB: 1 01100110 0001010
Result: 1 01010011 1010100
FracA = 1010100000
FracB = 1100001010
FracZ = 1011101010001001000000
ExpR = 01010
----- Test Case 9 -----
oprA: 0 01101001 0100000
oprB: 0 01010110 1100100
Result: 0 01001000 1000101
FracA = 0010100000
FracB = 1101100100
FracZ = 1000100010111010000000
ExpR = 01001
----- Test Case 10 -----
oprA: 1 01001100 0001101
oprB: 1 01100010 1100000
Result: 0 00111000 0010000
FracA = 1000001101
FracB = 0101100000
FracZ = 1000001000010111100000
ExpR = 00111
----- Test Case 11 -----
oprA: 0 01100010 1001101
oprB: 0 01101001 1010011
Result: 0 01010100 1100100
FracA = 0101001101
FracB = 0011010011
FracZ = 0110011001001001110111
ExpR = 01010
----- Test Case 12 -----
oprA: 1 01101100 0101110
oprB: 0 01011010 1100000
Result: 1 01010000 0100110
FracA = 1000101110
FracB = 0101100000
FracZ = 1000010011011101000000
ExpR = 01010
----- Test Case 13 -----
oprA: 0 01101010 1001101
oprB: 1 01101001 0110001
Result: 1 01011100 0110111
FracA = 0101001101
FracB = 0010110001
FracZ = 0110001101111000111101
ExpR = 01011
----- Test Case 14 -----
oprA: 1 00110010 0011101
oprB: 0 01001010 1101001
Result: 1 00000101 1101010
FracA = 0100011101
FracB = 0101101001
FracZ = 0110111010100111100101
ExpR = 00000
----- Test Case 15 -----
oprA: 1 01101100 1110001
oprB: 1 01011011 1100110
Result: 0 01010001 0111111
FracA = 1001110001
FracB = 0111100110
FracZ = 1001011111111010000110
ExpR = 01010
----- Test Case 16 -----
oprA: 1 01100000 0100100
oprB: 0 01100111 1101001
Result: 1 01010000 0011000
FracA = 0000100100
FracB = 1111101001
FracZ = 1000001100000011000100
ExpR = 01010
----- Test Case 17 -----
oprA: 1 01101011 1000011
oprB: 1 01100001 1000000
Result: 0 01010101 1010111
FracA = 0111000011
FracB = 0011000000
FracZ = 0110110101111001000000
ExpR = 01010
----- Test Case 18 -----
oprA: 0 01001100 1011111
oprB: 0 01101001 0011010
Result: 0 00111110 1010100
FracA = 1001011111
FracB = 0010011010
FracZ = 0111010101000100100110
ExpR = 00111
----- Test Case 19 -----
oprA: 0 00101110 1101111
oprB: 1 01011100 0110011
Result: 1 00010011 1000010
FracA = 1101101111
FracB = 1000110011
FracZ = 1011100001010100011101
ExpR = 00010
----- Test Case 20 -----
oprA: 1 01100001 1111011
oprB: 1 01100111 1111111
Result: 0 01010001 1111010
FracA = 0011111011
FracB = 1111111111
FracZ = 1001111101001100000101
ExpR = 01010
----- Test Case 21 -----
oprA: 0 01011111 0001011
oprB: 1 01010100 0100011
Result: 1 00111011 1001001
FracA = 1110001011
FracB = 1000100011
FracZ = 1011100100101000000001
ExpR = 00111
----- Test Case 22 -----
oprA: 1 01101100 1110010
oprB: 0 01010011 0101100
Result: 1 01001001 0010001
FracA = 1001110010
FracB = 0110101100
FracZ = 1001001000111010011000
ExpR = 01001
----- Test Case 23 -----
oprA: 0 01101100 1001101
oprB: 1 01100010 0011100
Result: 1 01011000 0000110
FracA = 1001001101
FracB = 0100011100
FracZ = 1000000011000101101100
ExpR = 01011
----- Test Case 24 -----
oprA: 1 01010011 1000111
oprB: 1 01100011 1010000
Result: 0 01000000 0110010
FracA = 0111000111
FracB = 0111010000
FracZ = 1000011001010010110000
ExpR = 01000
----- Test Case 25 -----
oprA: 1 01101000 1001110
oprB: 0 01011000 0011100
Result: 1 01001000 1101100
FracA = 0001001110
FracB = 0000011100
FracZ = 0100011011000010001000
ExpR = 01001
----- Test Case 26 -----
oprA: 1 01101010 1000111
oprB: 0 01010000 1010000
Result: 1 01000011 0110000
FracA = 0101000111
FracB = 0001010000
FracZ = 0101101100001000110000
ExpR = 01000
----- Test Case 27 -----
oprA: 1 01011100 1011101
oprB: 0 01100001 1100111
Result: 1 01000111 1001100
FracA = 1001011101
FracB = 0011100111
FracZ = 0111110011000111101011
ExpR = 01000
----- Test Case 28 -----
oprA: 1 01101100 0101001
oprB: 0 01010101 0111100
Result: 1 01001010 0101111
FracA = 1000101001
FracB = 1010111100
FracZ = 1010010111110000011100
ExpR = 01001
----- Test Case 29 -----
oprA: 0 00110111 0101110
oprB: 1 01011111 1001101
Result: 1 00011110 1111101
FracA = 1110101110
FracB = 1111001101
FracZ = 1110111110100001010110
ExpR = 00011
----- Test Case 30 -----
oprA: 0 01100111 0011111
oprB: 0 01011100 0101111
Result: 0 01001011 1100100
FracA = 1110011111
FracB = 1000101111
FracZ = 1011110010000000110001
ExpR = 01001
----- Test Case 31 -----
oprA: 0 01101011 1110110
oprB: 0 01100100 0001000
Result: 0 01011000 1111110
FracA = 0111110110
FracB = 1000001000
FracZ = 1000111111001110110000
ExpR = 01011
----- Test Case 32 -----
oprA: 1 01001100 1101111
oprB: 1 01101001 0111000
Result: 0 00111111 0010110
FracA = 1001101111
FracB = 0010111000
FracZ = 0111100101101111001000
ExpR = 00111
----- Test Case 33 -----
oprA: 1 01101001 0000111
oprB: 1 01011111 0011011
Result: 0 01010000 1001101
FracA = 0010000111
FracB = 1110011011
FracZ = 1000100110111010111101
ExpR = 01010
----- Test Case 34 -----
oprA: 1 01011000 1011110
oprB: 1 01100110 1011100
Result: 0 01001000 0000100
FracA = 0001011110
FracB = 1101011100
FracZ = 1000000010001111001000
ExpR = 01001
----- Test Case 35 -----
oprA: 0 01101010 0010111
oprB: 0 01100110 1011101
Result: 0 01011001 0101111
FracA = 0100010111
FracB = 1101011101
FracZ = 1001010111101001011011
ExpR = 01011
----- Test Case 36 -----
oprA: 0 01011010 0000010
oprB: 1 01011000 0011110
Result: 1 00111010 0100111
FracA = 0100000010
FracB = 0000011110
FracZ = 0101001001111000111100
ExpR = 00111
----- Test Case 37 -----
oprA: 1 01100001 0101101
oprB: 1 01100011 0101000
Result: 0 01001101 0011100
FracA = 0010101101
FracB = 0110101000
FracZ = 0110100111001010001000
ExpR = 01001
----- Test Case 38 -----
oprA: 0 01101000 1110101
oprB: 0 01100000 0011001
Result: 0 01010001 0010000
FracA = 0001110101
FracB = 0000011001
FracZ = 0100100100001101101101
ExpR = 01010
----- Test Case 39 -----
oprA: 0 01011000 1101111
oprB: 0 01010000 0100110
Result: 0 00110001 0011001
FracA = 0001101111
FracB = 0000100110
FracZ = 0100100110010001111010
ExpR = 00110
----- Test Case 40 -----
oprA: 1 01101011 1010100
oprB: 0 01001010 1100101
Result: 1 00111111 1011100
FracA = 0111010100
FracB = 0101100101
FracZ = 0111110111000010100100
ExpR = 00111
----- Test Case 41 -----
oprA: 0 01100000 1110100
oprB: 0 01100011 0001001
Result: 0 01001100 0101001
FracA = 0001110100
FracB = 0110001001
FracZ = 0110001010011000010100
ExpR = 01001
----- Test Case 42 -----
oprA: 1 01101100 1010101
oprB: 0 01011101 1100110
Result: 1 01010010 1110101
FracA = 1001010101
FracB = 1011100110
FracZ = 1010111010111001011110
ExpR = 01010
----- Test Case 43 -----
oprA: 0 01101101 0001111
oprB: 0 01010110 1101101
Result: 0 01001100 0010110
FracA = 1010001111
FracB = 1101101101
FracZ = 1100001011001111100011
ExpR = 01001
----- Test Case 44 -----
oprA: 0 01101001 0010110
oprB: 1 01101000 0011000
Result: 1 01011001 0110001
FracA = 0010010110
FracB = 0000011000
FracZ = 0100101100011000010000
ExpR = 01011
----- Test Case 45 -----
oprA: 0 01101011 1000001
oprB: 1 01100111 0110111
Result: 1 01011011 0001100
FracA = 0111000001
FracB = 1110110111
FracZ = 1011000110001111110111
ExpR = 01011
----- Test Case 46 -----
oprA: 1 01101101 0000001
oprB: 0 01101000 1001110
Result: 1 01011101 1111111
FracA = 1010000001
FracB = 0001001110
FracZ = 0110111111111101001110
ExpR = 01011
----- Test Case 47 -----
oprA: 0 01101011 1011010
oprB: 1 01100011 1010000
Result: 1 01011000 1000000
FracA = 0111011010
FracB = 0111010000
FracZ = 1000100000001100100000
ExpR = 01011
----- Test Case 48 -----
oprA: 0 01101101 0110100
oprB: 0 01011111 1011110
Result: 0 01010101 0010111
FracA = 1010110100
FracB = 1111011110
FracZ = 1101001011110000011000
ExpR = 01010
----- Test Case 49 -----
oprA: 0 01100101 1110011
oprB: 0 01101000 0110100
Result: 0 01010110 1001101
FracA = 1011110011
FracB = 0000110100
FracZ = 0111010011010101011100
ExpR = 01010
----- Test Case 50 -----
oprA: 1 01010111 1001011
oprB: 0 01101001 0001100
Result: 1 01001000 1101101
FracA = 1111001011
FracB = 0010001100
FracZ = 1000110110111100000100
ExpR = 01001
----- Test Case 51 -----
oprA: 0 01100010 0010011
oprB: 1 01010101 1010000
Result: 1 01000000 1010010
FracA = 0100010011
FracB = 1011010000
FracZ = 1000101001000101110000
ExpR = 01000
----- Test Case 52 -----
oprA: 0 01101010 0101101
oprB: 1 01100111 1000010
Result: 1 01011010 0000100
FracA = 0100101101
FracB = 1111000010
FracZ = 1010000010011100011010
ExpR = 01011
----- Test Case 53 -----
oprA: 1 01100110 1000111
oprB: 0 01011100 0111111
Result: 1 01001011 0101110
FracA = 1101000111
FracB = 1000111111
FracZ = 1011010111010001111001
ExpR = 01001
----- Test Case 54 -----
oprA: 1 01101100 0011111
oprB: 1 01101000 1100000
Result: 0 01011101 0110001
FracA = 1000011111
FracB = 0001100000
FracZ = 0110101100011110100000
ExpR = 01011
----- Test Case 55 -----
oprA: 1 01100100 0011110
oprB: 1 01100101 1011101
Result: 0 01010010 0111111
FracA = 1000011110
FracB = 1011011101
FracZ = 1010011111101111100110
ExpR = 01010
----- Test Case 56 -----
oprA: 1 01101100 0001110
oprB: 0 01100101 1110000
Result: 1 01011010 1000000
FracA = 1000001110
FracB = 1011110000
FracZ = 1010100000000100100000
ExpR = 01011
----- Test Case 57 -----
oprA: 0 01100010 1100001
oprB: 1 01101001 1001011
Result: 1 01010100 1110001
FracA = 0101100001
FracB = 0011001011
FracZ = 0110011100011111101011
ExpR = 01010
----- Test Case 58 -----
oprA: 1 01010000 0101010
oprB: 0 01100000 0101011
Result: 1 00111000 1010110
FracA = 0000101010
FracB = 0000101011
FracZ = 0100010101101100001110
ExpR = 00111
----- Test Case 59 -----
oprA: 1 01010110 0011111
oprB: 0 01100000 0001100
Result: 1 00111110 0110100
FracA = 1100011111
FracB = 0000001100
FracZ = 0111001101000101110100
ExpR = 00111
----- Test Case 60 -----
oprA: 1 01101100 0010111
oprB: 0 01101001 1001100
Result: 1 01011110 1001101
FracA = 1000010111
FracB = 0011001100
FracZ = 0111010011011001010100
ExpR = 01011
----- Test Case 61 -----
oprA: 1 01100011 1010000
oprB: 0 01100000 1111110
Result: 1 01001101 0000111
FracA = 0111010000
FracB = 0001111110
FracZ = 0110100001110001100000
ExpR = 01001
----- Test Case 62 -----
oprA: 1 01011001 1100000
oprB: 1 01010101 0010011
Result: 0 00111000 0000001
FracA = 0011100000
FracB = 1010010011
FracZ = 1000000000110010100000
ExpR = 00111
----- Test Case 63 -----
oprA: 0 01001100 0011111
oprB: 1 01100000 0000010
Result: 1 00110100 0100010
FracA = 1000011111
FracB = 0000000010
FracZ = 0110001000100000111110
ExpR = 00110
----- Test Case 64 -----
oprA: 0 01101101 0100101
oprB: 0 01100111 0100000
Result: 0 01011100 1010101
FracA = 1010100101
FracB = 1110100000
FracZ = 1100101010101000100000
ExpR = 01011
----- Test Case 65 -----
oprA: 1 01011110 0001001
oprB: 1 01100000 1110100
Result: 0 01000111 1010101
FracA = 1100001001
FracB = 0001110100
FracZ = 0111110101010000010100
ExpR = 01000
----- Test Case 66 -----
oprA: 0 01100001 1111010
oprB: 1 01100100 1000011
Result: 1 01001111 1001010
FracA = 0011111010
FracB = 1001000011
FracZ = 0111110010100101101110
ExpR = 01001
----- Test Case 67 -----
oprA: 0 01011100 0010101
oprB: 0 01100011 0011011
Result: 0 01001000 1000010
FracA = 1000010101
FracB = 0110011011
FracZ = 1000100001011110110111
ExpR = 01001
----- Test Case 68 -----
oprA: 0 01100111 0111110
oprB: 0 01101000 1111000
Result: 0 01011000 1010011
FracA = 1110111110
FracB = 0001111000
FracZ = 1000101001100100010000
ExpR = 01011
----- Test Case 69 -----
oprA: 0 01010010 1111111
oprB: 1 01011100 1110101
Result: 1 00111000 1101111
FracA = 0101111111
FracB = 1001110101
FracZ = 1000110111110100001011
ExpR = 00111
----- Test Case 70 -----
oprA: 0 01001010 0110011
oprB: 0 01001010 0010001
Result: 0 00011101 0010101
FracA = 0100110011
FracB = 0100010001
FracZ = 0110100101011101100011
ExpR = 00011
----- Test Case 71 -----
oprA: 1 01101010 1001101
oprB: 1 01100100 1010100
Result: 0 01011000 0110001
FracA = 0101001101
FracB = 1001010100
FracZ = 1000011000101101000100
ExpR = 01011
----- Test Case 72 -----
oprA: 1 01101001 1100001
oprB: 0 01010110 1010010
Result: 1 01001000 1110110
FracA = 0011100001
FracB = 1101010010
FracZ = 1000111011011100010010
ExpR = 01001
----- Test Case 73 -----
oprA: 1 01100010 0100110
oprB: 0 01100010 0110101
Result: 1 01001101 0110011
FracA = 0100100110
FracB = 0100110101
FracZ = 0110101100111011011110
ExpR = 01001
----- Test Case 74 -----
oprA: 0 01001111 1001001
oprB: 0 01100010 1000100
Result: 0 00111010 0011111
FracA = 1111001001
FracB = 0101000100
FracZ = 1010001111111001100100
ExpR = 00111
----- Test Case 75 -----
oprA: 1 01001001 1000010
oprB: 0 01010010 1001110
Result: 1 00100100 1001111
FracA = 0011000010
FracB = 0101001110
FracZ = 0110010011110100011100
ExpR = 00100
----- Test Case 76 -----
oprA: 1 01101100 1101111
oprB: 0 01101000 1100110
Result: 1 01011110 0010011
FracA = 1001101111
FracB = 0001100110
FracZ = 0111000100110000111010
ExpR = 01011
----- Test Case 77 -----
oprA: 1 01101011 1110000
oprB: 0 01001110 1111011
Result: 1 01000011 0001101
FracA = 0111110000
FracB = 1101111011
FracZ = 1011000110101001010000
ExpR = 01000
----- Test Case 78 -----
oprA: 1 01100001 0000101
oprB: 0 01100000 0111000
Result: 1 01001001 1000100
FracA = 0010000101
FracB = 0000111000
FracZ = 0100110001000100011000
ExpR = 01001
----- Test Case 79 -----
oprA: 0 01101010 1011101
oprB: 1 01100001 0010010
Result: 1 01010100 0100000
FracA = 0101011101
FracB = 0010010010
FracZ = 0110001000001100001010
ExpR = 01010
----- Test Case 80 -----
oprA: 1 01101000 1001100
oprB: 0 01100000 1010101
Result: 1 01010001 0100111
FracA = 0001001100
FracB = 0001010101
FracZ = 0100101001110100111100
ExpR = 01010
----- Test Case 81 -----
oprA: 0 01101001 1101000
oprB: 1 01101001 1101000
Result: 1 01011100 0000100
FracA = 0011101000
FracB = 0011101000
FracZ = 0110000001001001000000
ExpR = 01011
----- Test Case 82 -----
oprA: 1 01100001 0101111
oprB: 0 01100010 1100110
Result: 1 01001100 1010010
FracA = 0010101111
FracB = 0101100110
FracZ = 0110010100100010111010
ExpR = 01001
----- Test Case 83 -----
oprA: 0 01101100 1101100
oprB: 0 01100011 1011000
Result: 0 01011001 0110000
FracA = 1001101100
FracB = 0111011000
FracZ = 1001011000011100100000
ExpR = 01011
----- Test Case 84 -----
oprA: 0 01011001 1100001
oprB: 0 01100101 1011101
Result: 0 01001000 0101111
FracA = 0011100001
FracB = 1011011101
FracZ = 1000010111110000111101
ExpR = 01001
----- Test Case 85 -----
oprA: 1 01011011 1101101
oprB: 1 01011101 1101111
Result: 0 01000010 0100010
FracA = 0111101101
FracB = 1011101111
FracZ = 1010010001011001000011
ExpR = 01000
----- Test Case 86 -----
oprA: 1 01010001 0111011
oprB: 1 01100111 0111111
Result: 0 01000001 0010100
FracA = 0010111011
FracB = 1110111111
FracZ = 1001001010010010000101
ExpR = 01000
----- Test Case 87 -----
oprA: 0 01101100 0100001
oprB: 1 01100000 1110000
Result: 1 01010101 1001100
FracA = 1000100001
FracB = 0001110000
FracZ = 0110110011001001110000
ExpR = 01010
----- Test Case 88 -----
oprA: 1 00111111 0000011
oprB: 0 01000000 0110111
Result: 1 00000111 1101010
FracA = 1110000011
FracB = 0000110111
FracZ = 0111111010100100100101
ExpR = 00000
----- Test Case 89 -----
oprA: 0 01011101 1101100
oprB: 1 01011101 1111011
Result: 1 01000100 0001010
FracA = 1011101100
FracB = 1011111011
FracZ = 1100000101000101100100
ExpR = 01000
----- Test Case 90 -----
oprA: 0 01001101 0010001
oprB: 1 01010001 1000111
Result: 1 00100111 1010111
FracA = 1010010001
FracB = 0011000111
FracZ = 0111110101111010110111
ExpR = 00100
----- Test Case 91 -----
oprA: 1 01101011 1001010
oprB: 1 01100011 0100001
Result: 0 01011000 0010010
FracA = 0111001010
FracB = 0110100001
FracZ = 1000001001011000001010
ExpR = 01011
----- Test Case 92 -----
oprA: 0 01010001 0010101
oprB: 1 01100010 0101111
Result: 1 00111011 1110000
FracA = 0010010101
FracB = 0100101111
FracZ = 0101111100000001011011
ExpR = 00111
----- Test Case 93 -----
oprA: 1 01100001 0000001
oprB: 1 01101001 1000010
Result: 0 01010010 1011011
FracA = 0010000001
FracB = 0011000010
FracZ = 0101010110110111000010
ExpR = 01010
----- Test Case 94 -----
oprA: 0 01101000 0101010
oprB: 1 01011110 1011011
Result: 1 01001111 0101000
FracA = 0000101010
FracB = 1101011011
FracZ = 0111101010000011101110
ExpR = 01001
----- Test Case 95 -----
oprA: 0 01011001 1110101
oprB: 0 01101000 0000100
Result: 0 01001001 1111001
FracA = 0011110101
FracB = 0000000100
FracZ = 0100111110011111010100
ExpR = 01001
----- Test Case 96 -----
oprA: 0 01100110 1000001
oprB: 0 01100111 0010110
Result: 0 01010101 1100000
FracA = 1101000001
FracB = 1110010110
FracZ = 1101110000011100010110
ExpR = 01010
----- Test Case 97 -----
oprA: 1 01001011 0101111
oprB: 1 01100010 1110111
Result: 0 00110111 1000011
FracA = 0110101111
FracB = 0101110111
FracZ = 0111110000111101011001
ExpR = 00110
----- Test Case 98 -----
oprA: 0 01101000 1011100
oprB: 0 01001100 1111110
Result: 0 00111110 0010011
FracA = 0001011100
FracB = 1001111110
FracZ = 0111000100110101001000
ExpR = 00111
----- Test Case 99 -----
oprA: 0 01101000 1100111
oprB: 0 01100001 1000001
Result: 0 01010010 0111011
FracA = 0001100111
FracB = 0011000001
FracZ = 0101001110110110100111
ExpR = 01010
----- Test Case 100 -----
oprA: 1 00001010 1110001
oprB: 1 01010010 1111111
Result: 0 00000000 0000000
FracA = 0101110001
FracB = 0101111111
FracZ = 0111011110100000001111
ExpR = 11100
